[2024-12-21T12:08:05.456+0000] {local_task_job_runner.py:123} INFO - ::group::Pre task execution logs
[2024-12-21T12:08:05.475+0000] {taskinstance.py:2613} INFO - Dependencies all met for dep_context=non-requeueable deps ti=<TaskInstance: docker_dag.start_spark manual__2024-12-21T12:08:01.915003+00:00 [queued]>
[2024-12-21T12:08:05.483+0000] {taskinstance.py:2613} INFO - Dependencies all met for dep_context=requeueable deps ti=<TaskInstance: docker_dag.start_spark manual__2024-12-21T12:08:01.915003+00:00 [queued]>
[2024-12-21T12:08:05.484+0000] {taskinstance.py:2866} INFO - Starting attempt 1 of 1
[2024-12-21T12:08:05.498+0000] {taskinstance.py:2889} INFO - Executing <Task(DockerOperator): start_spark> on 2024-12-21 12:08:01.915003+00:00
[2024-12-21T12:08:05.515+0000] {warnings.py:112} WARNING - /home/***/.local/lib/python3.12/site-packages/***/task/task_runner/standard_task_runner.py:70: DeprecationWarning: This process (pid=653) is multi-threaded, use of fork() may lead to deadlocks in the child.
  pid = os.fork()

[2024-12-21T12:08:05.518+0000] {standard_task_runner.py:104} INFO - Running: ['***', 'tasks', 'run', 'docker_dag', 'start_spark', 'manual__2024-12-21T12:08:01.915003+00:00', '--job-id', '128', '--raw', '--subdir', 'DAGS_FOLDER/A_dag_test.py', '--cfg-path', '/tmp/tmparool00h']
[2024-12-21T12:08:05.518+0000] {standard_task_runner.py:72} INFO - Started process 654 to run task
[2024-12-21T12:08:05.518+0000] {standard_task_runner.py:105} INFO - Job 128: Subtask start_spark
[2024-12-21T12:08:05.575+0000] {task_command.py:467} INFO - Running <TaskInstance: docker_dag.start_spark manual__2024-12-21T12:08:01.915003+00:00 [running]> on host 35879d62dcc5
[2024-12-21T12:08:05.632+0000] {taskinstance.py:3132} INFO - Exporting env vars: AIRFLOW_CTX_DAG_OWNER='***' AIRFLOW_CTX_DAG_ID='docker_dag' AIRFLOW_CTX_TASK_ID='start_spark' AIRFLOW_CTX_EXECUTION_DATE='2024-12-21T12:08:01.915003+00:00' AIRFLOW_CTX_TRY_NUMBER='1' AIRFLOW_CTX_DAG_RUN_ID='manual__2024-12-21T12:08:01.915003+00:00'
[2024-12-21T12:08:05.636+0000] {logging_mixin.py:190} INFO - Task instance is in running state
[2024-12-21T12:08:05.636+0000] {logging_mixin.py:190} INFO -  Previous state of the Task instance: queued
[2024-12-21T12:08:05.636+0000] {logging_mixin.py:190} INFO - Current task name:start_spark state:running start_date:2024-12-21 12:08:05.476622+00:00
[2024-12-21T12:08:05.636+0000] {logging_mixin.py:190} INFO - Dag name:docker_dag and current dag run status:running
[2024-12-21T12:08:05.637+0000] {taskinstance.py:731} INFO - ::endgroup::
[2024-12-21T12:08:05.742+0000] {docker.py:379} INFO - Starting docker container from image docker-compose-enabled:version1.0
[2024-12-21T12:08:06.186+0000] {docker.py:73} INFO - /bin/bash: /bin/bash: cannot execute binary file
[2024-12-21T12:08:06.387+0000] {taskinstance.py:3311} ERROR - Task failed with exception
Traceback (most recent call last):
  File "/home/airflow/.local/lib/python3.12/site-packages/airflow/models/taskinstance.py", line 767, in _execute_task
    result = _execute_callable(context=context, **execute_callable_kwargs)
             ^^^^^^^^^^^^^^^^^^^^^^^^^^^^^^^^^^^^^^^^^^^^^^^^^^^^^^^^^^^^^
  File "/home/airflow/.local/lib/python3.12/site-packages/airflow/models/taskinstance.py", line 733, in _execute_callable
    return ExecutionCallableRunner(
           ^^^^^^^^^^^^^^^^^^^^^^^^
  File "/home/airflow/.local/lib/python3.12/site-packages/airflow/utils/operator_helpers.py", line 252, in run
    return self.func(*args, **kwargs)
           ^^^^^^^^^^^^^^^^^^^^^^^^^^
  File "/home/airflow/.local/lib/python3.12/site-packages/airflow/models/baseoperator.py", line 422, in wrapper
    return func(self, *args, **kwargs)
           ^^^^^^^^^^^^^^^^^^^^^^^^^^^
  File "/home/airflow/.local/lib/python3.12/site-packages/airflow/providers/docker/operators/docker.py", line 519, in execute
    return self._run_image()
           ^^^^^^^^^^^^^^^^^
  File "/home/airflow/.local/lib/python3.12/site-packages/airflow/providers/docker/operators/docker.py", line 396, in _run_image
    return self._run_image_with_mounts(self.mounts, add_tmp_variable=False)
           ^^^^^^^^^^^^^^^^^^^^^^^^^^^^^^^^^^^^^^^^^^^^^^^^^^^^^^^^^^^^^^^^
  File "/home/airflow/.local/lib/python3.12/site-packages/airflow/providers/docker/operators/docker.py", line 453, in _run_image_with_mounts
    raise DockerContainerFailedException(f"Docker container failed: {result!r}", logs=log_lines)
airflow.providers.docker.exceptions.DockerContainerFailedException: Docker container failed: {'StatusCode': 126}
[2024-12-21T12:08:06.405+0000] {logging_mixin.py:190} INFO - Task instance in failure state
[2024-12-21T12:08:06.405+0000] {logging_mixin.py:190} INFO - Task start:2024-12-21 12:08:05.476622+00:00 end:2024-12-21 12:08:06.400028+00:00 duration:0.923406
[2024-12-21T12:08:06.406+0000] {logging_mixin.py:190} INFO - Task:<Task(DockerOperator): start_spark> dag:<DAG: docker_dag> dagrun:<DagRun docker_dag @ 2024-12-21 12:08:01.915003+00:00: manual__2024-12-21T12:08:01.915003+00:00, state:running, queued_at: 2024-12-21 12:08:01.984461+00:00. externally triggered: True>
[2024-12-21T12:08:06.408+0000] {logging_mixin.py:190} INFO - Failure caused by Docker container failed: {'StatusCode': 126}
[2024-12-21T12:08:06.410+0000] {taskinstance.py:1225} INFO - Marking task as FAILED. dag_id=docker_dag, task_id=start_spark, run_id=manual__2024-12-21T12:08:01.915003+00:00, execution_date=20241221T120801, start_date=20241221T120805, end_date=20241221T120806
[2024-12-21T12:08:06.439+0000] {taskinstance.py:340} INFO - ::group::Post task execution logs
[2024-12-21T12:08:06.440+0000] {standard_task_runner.py:124} ERROR - Failed to execute job 128 for task start_spark (Docker container failed: {'StatusCode': 126}; 654)
Traceback (most recent call last):
  File "/home/airflow/.local/lib/python3.12/site-packages/airflow/task/task_runner/standard_task_runner.py", line 117, in _start_by_fork
    ret = args.func(args, dag=self.dag)
          ^^^^^^^^^^^^^^^^^^^^^^^^^^^^^
  File "/home/airflow/.local/lib/python3.12/site-packages/airflow/cli/cli_config.py", line 49, in command
    return func(*args, **kwargs)
           ^^^^^^^^^^^^^^^^^^^^^
  File "/home/airflow/.local/lib/python3.12/site-packages/airflow/utils/cli.py", line 116, in wrapper
    return f(*args, **kwargs)
           ^^^^^^^^^^^^^^^^^^
  File "/home/airflow/.local/lib/python3.12/site-packages/airflow/cli/commands/task_command.py", line 483, in task_run
    task_return_code = _run_task_by_selected_method(args, _dag, ti)
                       ^^^^^^^^^^^^^^^^^^^^^^^^^^^^^^^^^^^^^^^^^^^^
  File "/home/airflow/.local/lib/python3.12/site-packages/airflow/cli/commands/task_command.py", line 256, in _run_task_by_selected_method
    return _run_raw_task(args, ti)
           ^^^^^^^^^^^^^^^^^^^^^^^
  File "/home/airflow/.local/lib/python3.12/site-packages/airflow/cli/commands/task_command.py", line 341, in _run_raw_task
    return ti._run_raw_task(
           ^^^^^^^^^^^^^^^^^
  File "/home/airflow/.local/lib/python3.12/site-packages/airflow/utils/session.py", line 97, in wrapper
    return func(*args, session=session, **kwargs)
           ^^^^^^^^^^^^^^^^^^^^^^^^^^^^^^^^^^^^^^
  File "/home/airflow/.local/lib/python3.12/site-packages/airflow/models/taskinstance.py", line 3005, in _run_raw_task
    return _run_raw_task(
           ^^^^^^^^^^^^^^
  File "/home/airflow/.local/lib/python3.12/site-packages/airflow/models/taskinstance.py", line 273, in _run_raw_task
    TaskInstance._execute_task_with_callbacks(
  File "/home/airflow/.local/lib/python3.12/site-packages/airflow/models/taskinstance.py", line 3159, in _execute_task_with_callbacks
    result = self._execute_task(context, task_orig)
             ^^^^^^^^^^^^^^^^^^^^^^^^^^^^^^^^^^^^^^
  File "/home/airflow/.local/lib/python3.12/site-packages/airflow/models/taskinstance.py", line 3183, in _execute_task
    return _execute_task(self, context, task_orig)
           ^^^^^^^^^^^^^^^^^^^^^^^^^^^^^^^^^^^^^^^
  File "/home/airflow/.local/lib/python3.12/site-packages/airflow/models/taskinstance.py", line 767, in _execute_task
    result = _execute_callable(context=context, **execute_callable_kwargs)
             ^^^^^^^^^^^^^^^^^^^^^^^^^^^^^^^^^^^^^^^^^^^^^^^^^^^^^^^^^^^^^
  File "/home/airflow/.local/lib/python3.12/site-packages/airflow/models/taskinstance.py", line 733, in _execute_callable
    return ExecutionCallableRunner(
           ^^^^^^^^^^^^^^^^^^^^^^^^
  File "/home/airflow/.local/lib/python3.12/site-packages/airflow/utils/operator_helpers.py", line 252, in run
    return self.func(*args, **kwargs)
           ^^^^^^^^^^^^^^^^^^^^^^^^^^
  File "/home/airflow/.local/lib/python3.12/site-packages/airflow/models/baseoperator.py", line 422, in wrapper
    return func(self, *args, **kwargs)
           ^^^^^^^^^^^^^^^^^^^^^^^^^^^
  File "/home/airflow/.local/lib/python3.12/site-packages/airflow/providers/docker/operators/docker.py", line 519, in execute
    return self._run_image()
           ^^^^^^^^^^^^^^^^^
  File "/home/airflow/.local/lib/python3.12/site-packages/airflow/providers/docker/operators/docker.py", line 396, in _run_image
    return self._run_image_with_mounts(self.mounts, add_tmp_variable=False)
           ^^^^^^^^^^^^^^^^^^^^^^^^^^^^^^^^^^^^^^^^^^^^^^^^^^^^^^^^^^^^^^^^
  File "/home/airflow/.local/lib/python3.12/site-packages/airflow/providers/docker/operators/docker.py", line 453, in _run_image_with_mounts
    raise DockerContainerFailedException(f"Docker container failed: {result!r}", logs=log_lines)
airflow.providers.docker.exceptions.DockerContainerFailedException: Docker container failed: {'StatusCode': 126}
[2024-12-21T12:08:06.486+0000] {local_task_job_runner.py:266} INFO - Task exited with return code 1
[2024-12-21T12:08:06.531+0000] {taskinstance.py:3895} INFO - 0 downstream tasks scheduled from follow-on schedule check
[2024-12-21T12:08:06.535+0000] {local_task_job_runner.py:245} INFO - ::endgroup::
