[2024-12-22T13:41:36.014+0000] {local_task_job_runner.py:123} INFO - ::group::Pre task execution logs
[2024-12-22T13:41:36.027+0000] {taskinstance.py:2613} INFO - Dependencies all met for dep_context=non-requeueable deps ti=<TaskInstance: docker_dag.start_spark manual__2024-12-22T13:41:33.426233+00:00 [queued]>
[2024-12-22T13:41:36.033+0000] {taskinstance.py:2613} INFO - Dependencies all met for dep_context=requeueable deps ti=<TaskInstance: docker_dag.start_spark manual__2024-12-22T13:41:33.426233+00:00 [queued]>
[2024-12-22T13:41:36.036+0000] {taskinstance.py:2866} INFO - Starting attempt 1 of 1
[2024-12-22T13:41:36.044+0000] {taskinstance.py:2889} INFO - Executing <Task(PythonOperator): start_spark> on 2024-12-22 13:41:33.426233+00:00
[2024-12-22T13:41:36.064+0000] {warnings.py:112} WARNING - /home/***/.local/lib/python3.12/site-packages/***/task/task_runner/standard_task_runner.py:70: DeprecationWarning: This process (pid=190) is multi-threaded, use of fork() may lead to deadlocks in the child.
  pid = os.fork()

[2024-12-22T13:41:36.066+0000] {standard_task_runner.py:72} INFO - Started process 191 to run task
[2024-12-22T13:41:36.066+0000] {standard_task_runner.py:104} INFO - Running: ['***', 'tasks', 'run', 'docker_dag', 'start_spark', 'manual__2024-12-22T13:41:33.426233+00:00', '--job-id', '149', '--raw', '--subdir', 'DAGS_FOLDER/A_dag_test.py', '--cfg-path', '/tmp/tmpinwhx9tq']
[2024-12-22T13:41:36.067+0000] {standard_task_runner.py:105} INFO - Job 149: Subtask start_spark
[2024-12-22T13:41:36.100+0000] {task_command.py:467} INFO - Running <TaskInstance: docker_dag.start_spark manual__2024-12-22T13:41:33.426233+00:00 [running]> on host 49ab4fbc6be0
[2024-12-22T13:41:36.144+0000] {taskinstance.py:3132} INFO - Exporting env vars: AIRFLOW_CTX_DAG_OWNER='***' AIRFLOW_CTX_DAG_ID='docker_dag' AIRFLOW_CTX_TASK_ID='start_spark' AIRFLOW_CTX_EXECUTION_DATE='2024-12-22T13:41:33.426233+00:00' AIRFLOW_CTX_TRY_NUMBER='1' AIRFLOW_CTX_DAG_RUN_ID='manual__2024-12-22T13:41:33.426233+00:00'
[2024-12-22T13:41:36.145+0000] {logging_mixin.py:190} INFO - Task instance is in running state
[2024-12-22T13:41:36.146+0000] {logging_mixin.py:190} INFO -  Previous state of the Task instance: queued
[2024-12-22T13:41:36.146+0000] {logging_mixin.py:190} INFO - Current task name:start_spark state:running start_date:2024-12-22 13:41:36.028055+00:00
[2024-12-22T13:41:36.146+0000] {logging_mixin.py:190} INFO - Dag name:docker_dag and current dag run status:running
[2024-12-22T13:41:36.146+0000] {taskinstance.py:731} INFO - ::endgroup::
[2024-12-22T13:41:36.206+0000] {taskinstance.py:3311} ERROR - Task failed with exception
Traceback (most recent call last):
  File "/home/airflow/.local/lib/python3.12/site-packages/docker/api/client.py", line 275, in _raise_for_status
    response.raise_for_status()
  File "/home/airflow/.local/lib/python3.12/site-packages/requests/models.py", line 1024, in raise_for_status
    raise HTTPError(http_error_msg, response=self)
requests.exceptions.HTTPError: 409 Client Error: Conflict for url: http+docker://localhost/v1.47/containers/create?name=spark-master

The above exception was the direct cause of the following exception:

Traceback (most recent call last):
  File "/home/airflow/.local/lib/python3.12/site-packages/airflow/models/taskinstance.py", line 767, in _execute_task
    result = _execute_callable(context=context, **execute_callable_kwargs)
             ^^^^^^^^^^^^^^^^^^^^^^^^^^^^^^^^^^^^^^^^^^^^^^^^^^^^^^^^^^^^^
  File "/home/airflow/.local/lib/python3.12/site-packages/airflow/models/taskinstance.py", line 733, in _execute_callable
    return ExecutionCallableRunner(
           ^^^^^^^^^^^^^^^^^^^^^^^^
  File "/home/airflow/.local/lib/python3.12/site-packages/airflow/utils/operator_helpers.py", line 252, in run
    return self.func(*args, **kwargs)
           ^^^^^^^^^^^^^^^^^^^^^^^^^^
  File "/home/airflow/.local/lib/python3.12/site-packages/airflow/models/baseoperator.py", line 422, in wrapper
    return func(self, *args, **kwargs)
           ^^^^^^^^^^^^^^^^^^^^^^^^^^^
  File "/home/airflow/.local/lib/python3.12/site-packages/airflow/operators/python.py", line 238, in execute
    return_value = self.execute_callable()
                   ^^^^^^^^^^^^^^^^^^^^^^^
  File "/home/airflow/.local/lib/python3.12/site-packages/airflow/operators/python.py", line 256, in execute_callable
    return runner.run(*self.op_args, **self.op_kwargs)
           ^^^^^^^^^^^^^^^^^^^^^^^^^^^^^^^^^^^^^^^^^^^
  File "/home/airflow/.local/lib/python3.12/site-packages/airflow/utils/operator_helpers.py", line 252, in run
    return self.func(*args, **kwargs)
           ^^^^^^^^^^^^^^^^^^^^^^^^^^
  File "/opt/airflow/dags/A_dag_test.py", line 11, in start_spark_containers
    client.containers.run("spark-cluster:version-1.0.0", name="spark-master", detach=True)
  File "/home/airflow/.local/lib/python3.12/site-packages/docker/models/containers.py", line 876, in run
    container = self.create(image=image, command=command,
                ^^^^^^^^^^^^^^^^^^^^^^^^^^^^^^^^^^^^^^^^^
  File "/home/airflow/.local/lib/python3.12/site-packages/docker/models/containers.py", line 935, in create
    resp = self.client.api.create_container(**create_kwargs)
           ^^^^^^^^^^^^^^^^^^^^^^^^^^^^^^^^^^^^^^^^^^^^^^^^^
  File "/home/airflow/.local/lib/python3.12/site-packages/docker/api/container.py", line 440, in create_container
    return self.create_container_from_config(config, name, platform)
           ^^^^^^^^^^^^^^^^^^^^^^^^^^^^^^^^^^^^^^^^^^^^^^^^^^^^^^^^^
  File "/home/airflow/.local/lib/python3.12/site-packages/docker/api/container.py", line 457, in create_container_from_config
    return self._result(res, True)
           ^^^^^^^^^^^^^^^^^^^^^^^
  File "/home/airflow/.local/lib/python3.12/site-packages/docker/api/client.py", line 281, in _result
    self._raise_for_status(response)
  File "/home/airflow/.local/lib/python3.12/site-packages/docker/api/client.py", line 277, in _raise_for_status
    raise create_api_error_from_http_exception(e) from e
          ^^^^^^^^^^^^^^^^^^^^^^^^^^^^^^^^^^^^^^^
  File "/home/airflow/.local/lib/python3.12/site-packages/docker/errors.py", line 39, in create_api_error_from_http_exception
    raise cls(e, response=response, explanation=explanation) from e
docker.errors.APIError: 409 Client Error for http+docker://localhost/v1.47/containers/create?name=spark-master: Conflict ("Conflict. The container name "/spark-master" is already in use by container "de2c98ffb9dca3cba84ca2106de074a31116362352e499f1f26757f336e19751". You have to remove (or rename) that container to be able to reuse that name.")
[2024-12-22T13:41:36.216+0000] {logging_mixin.py:190} INFO - Task instance in failure state
[2024-12-22T13:41:36.216+0000] {logging_mixin.py:190} INFO - Task start:2024-12-22 13:41:36.028055+00:00 end:2024-12-22 13:41:36.216229+00:00 duration:0.188174
[2024-12-22T13:41:36.217+0000] {logging_mixin.py:190} INFO - Task:<Task(PythonOperator): start_spark> dag:<DAG: docker_dag> dagrun:<DagRun docker_dag @ 2024-12-22 13:41:33.426233+00:00: manual__2024-12-22T13:41:33.426233+00:00, state:running, queued_at: 2024-12-22 13:41:33.457268+00:00. externally triggered: True>
[2024-12-22T13:41:36.217+0000] {logging_mixin.py:190} INFO - Failure caused by 409 Client Error for http+docker://localhost/v1.47/containers/create?name=spark-master: Conflict ("Conflict. The container name "/spark-master" is already in use by container "de2c98ffb9dca3cba84ca2106de074a31116362352e499f1f26757f336e19751". You have to remove (or rename) that container to be able to reuse that name.")
[2024-12-22T13:41:36.217+0000] {taskinstance.py:1225} INFO - Marking task as FAILED. dag_id=docker_dag, task_id=start_spark, run_id=manual__2024-12-22T13:41:33.426233+00:00, execution_date=20241222T134133, start_date=20241222T134136, end_date=20241222T134136
[2024-12-22T13:41:36.223+0000] {taskinstance.py:340} INFO - ::group::Post task execution logs
[2024-12-22T13:41:36.223+0000] {standard_task_runner.py:124} ERROR - Failed to execute job 149 for task start_spark (409 Client Error for http+docker://localhost/v1.47/containers/create?name=spark-master: Conflict ("Conflict. The container name "/spark-master" is already in use by container "de2c98ffb9dca3cba84ca2106de074a31116362352e499f1f26757f336e19751". You have to remove (or rename) that container to be able to reuse that name."); 191)
Traceback (most recent call last):
  File "/home/airflow/.local/lib/python3.12/site-packages/docker/api/client.py", line 275, in _raise_for_status
    response.raise_for_status()
  File "/home/airflow/.local/lib/python3.12/site-packages/requests/models.py", line 1024, in raise_for_status
    raise HTTPError(http_error_msg, response=self)
requests.exceptions.HTTPError: 409 Client Error: Conflict for url: http+docker://localhost/v1.47/containers/create?name=spark-master

The above exception was the direct cause of the following exception:

Traceback (most recent call last):
  File "/home/airflow/.local/lib/python3.12/site-packages/airflow/task/task_runner/standard_task_runner.py", line 117, in _start_by_fork
    ret = args.func(args, dag=self.dag)
          ^^^^^^^^^^^^^^^^^^^^^^^^^^^^^
  File "/home/airflow/.local/lib/python3.12/site-packages/airflow/cli/cli_config.py", line 49, in command
    return func(*args, **kwargs)
           ^^^^^^^^^^^^^^^^^^^^^
  File "/home/airflow/.local/lib/python3.12/site-packages/airflow/utils/cli.py", line 116, in wrapper
    return f(*args, **kwargs)
           ^^^^^^^^^^^^^^^^^^
  File "/home/airflow/.local/lib/python3.12/site-packages/airflow/cli/commands/task_command.py", line 483, in task_run
    task_return_code = _run_task_by_selected_method(args, _dag, ti)
                       ^^^^^^^^^^^^^^^^^^^^^^^^^^^^^^^^^^^^^^^^^^^^
  File "/home/airflow/.local/lib/python3.12/site-packages/airflow/cli/commands/task_command.py", line 256, in _run_task_by_selected_method
    return _run_raw_task(args, ti)
           ^^^^^^^^^^^^^^^^^^^^^^^
  File "/home/airflow/.local/lib/python3.12/site-packages/airflow/cli/commands/task_command.py", line 341, in _run_raw_task
    return ti._run_raw_task(
           ^^^^^^^^^^^^^^^^^
  File "/home/airflow/.local/lib/python3.12/site-packages/airflow/utils/session.py", line 97, in wrapper
    return func(*args, session=session, **kwargs)
           ^^^^^^^^^^^^^^^^^^^^^^^^^^^^^^^^^^^^^^
  File "/home/airflow/.local/lib/python3.12/site-packages/airflow/models/taskinstance.py", line 3005, in _run_raw_task
    return _run_raw_task(
           ^^^^^^^^^^^^^^
  File "/home/airflow/.local/lib/python3.12/site-packages/airflow/models/taskinstance.py", line 273, in _run_raw_task
    TaskInstance._execute_task_with_callbacks(
  File "/home/airflow/.local/lib/python3.12/site-packages/airflow/models/taskinstance.py", line 3159, in _execute_task_with_callbacks
    result = self._execute_task(context, task_orig)
             ^^^^^^^^^^^^^^^^^^^^^^^^^^^^^^^^^^^^^^
  File "/home/airflow/.local/lib/python3.12/site-packages/airflow/models/taskinstance.py", line 3183, in _execute_task
    return _execute_task(self, context, task_orig)
           ^^^^^^^^^^^^^^^^^^^^^^^^^^^^^^^^^^^^^^^
  File "/home/airflow/.local/lib/python3.12/site-packages/airflow/models/taskinstance.py", line 767, in _execute_task
    result = _execute_callable(context=context, **execute_callable_kwargs)
             ^^^^^^^^^^^^^^^^^^^^^^^^^^^^^^^^^^^^^^^^^^^^^^^^^^^^^^^^^^^^^
  File "/home/airflow/.local/lib/python3.12/site-packages/airflow/models/taskinstance.py", line 733, in _execute_callable
    return ExecutionCallableRunner(
           ^^^^^^^^^^^^^^^^^^^^^^^^
  File "/home/airflow/.local/lib/python3.12/site-packages/airflow/utils/operator_helpers.py", line 252, in run
    return self.func(*args, **kwargs)
           ^^^^^^^^^^^^^^^^^^^^^^^^^^
  File "/home/airflow/.local/lib/python3.12/site-packages/airflow/models/baseoperator.py", line 422, in wrapper
    return func(self, *args, **kwargs)
           ^^^^^^^^^^^^^^^^^^^^^^^^^^^
  File "/home/airflow/.local/lib/python3.12/site-packages/airflow/operators/python.py", line 238, in execute
    return_value = self.execute_callable()
                   ^^^^^^^^^^^^^^^^^^^^^^^
  File "/home/airflow/.local/lib/python3.12/site-packages/airflow/operators/python.py", line 256, in execute_callable
    return runner.run(*self.op_args, **self.op_kwargs)
           ^^^^^^^^^^^^^^^^^^^^^^^^^^^^^^^^^^^^^^^^^^^
  File "/home/airflow/.local/lib/python3.12/site-packages/airflow/utils/operator_helpers.py", line 252, in run
    return self.func(*args, **kwargs)
           ^^^^^^^^^^^^^^^^^^^^^^^^^^
  File "/opt/airflow/dags/A_dag_test.py", line 11, in start_spark_containers
    client.containers.run("spark-cluster:version-1.0.0", name="spark-master", detach=True)
  File "/home/airflow/.local/lib/python3.12/site-packages/docker/models/containers.py", line 876, in run
    container = self.create(image=image, command=command,
                ^^^^^^^^^^^^^^^^^^^^^^^^^^^^^^^^^^^^^^^^^
  File "/home/airflow/.local/lib/python3.12/site-packages/docker/models/containers.py", line 935, in create
    resp = self.client.api.create_container(**create_kwargs)
           ^^^^^^^^^^^^^^^^^^^^^^^^^^^^^^^^^^^^^^^^^^^^^^^^^
  File "/home/airflow/.local/lib/python3.12/site-packages/docker/api/container.py", line 440, in create_container
    return self.create_container_from_config(config, name, platform)
           ^^^^^^^^^^^^^^^^^^^^^^^^^^^^^^^^^^^^^^^^^^^^^^^^^^^^^^^^^
  File "/home/airflow/.local/lib/python3.12/site-packages/docker/api/container.py", line 457, in create_container_from_config
    return self._result(res, True)
           ^^^^^^^^^^^^^^^^^^^^^^^
  File "/home/airflow/.local/lib/python3.12/site-packages/docker/api/client.py", line 281, in _result
    self._raise_for_status(response)
  File "/home/airflow/.local/lib/python3.12/site-packages/docker/api/client.py", line 277, in _raise_for_status
    raise create_api_error_from_http_exception(e) from e
          ^^^^^^^^^^^^^^^^^^^^^^^^^^^^^^^^^^^^^^^
  File "/home/airflow/.local/lib/python3.12/site-packages/docker/errors.py", line 39, in create_api_error_from_http_exception
    raise cls(e, response=response, explanation=explanation) from e
docker.errors.APIError: 409 Client Error for http+docker://localhost/v1.47/containers/create?name=spark-master: Conflict ("Conflict. The container name "/spark-master" is already in use by container "de2c98ffb9dca3cba84ca2106de074a31116362352e499f1f26757f336e19751". You have to remove (or rename) that container to be able to reuse that name.")
[2024-12-22T13:41:36.252+0000] {local_task_job_runner.py:266} INFO - Task exited with return code 1
[2024-12-22T13:41:36.263+0000] {taskinstance.py:3895} INFO - 0 downstream tasks scheduled from follow-on schedule check
[2024-12-22T13:41:36.265+0000] {local_task_job_runner.py:245} INFO - ::endgroup::
