[2024-12-20T17:40:28.703+0000] {local_task_job_runner.py:123} INFO - ::group::Pre task execution logs
[2024-12-20T17:40:28.711+0000] {taskinstance.py:2613} INFO - Dependencies all met for dep_context=non-requeueable deps ti=<TaskInstance: docker_dag.t2 manual__2024-12-20T17:40:19.800653+00:00 [queued]>
[2024-12-20T17:40:28.714+0000] {taskinstance.py:2613} INFO - Dependencies all met for dep_context=requeueable deps ti=<TaskInstance: docker_dag.t2 manual__2024-12-20T17:40:19.800653+00:00 [queued]>
[2024-12-20T17:40:28.715+0000] {taskinstance.py:2866} INFO - Starting attempt 1 of 1
[2024-12-20T17:40:28.720+0000] {taskinstance.py:2889} INFO - Executing <Task(DockerOperator): t2> on 2024-12-20 17:40:19.800653+00:00
[2024-12-20T17:40:28.735+0000] {warnings.py:112} WARNING - /home/***/.local/lib/python3.12/site-packages/***/task/task_runner/standard_task_runner.py:70: DeprecationWarning: This process (pid=1210) is multi-threaded, use of fork() may lead to deadlocks in the child.
  pid = os.fork()

[2024-12-20T17:40:28.737+0000] {standard_task_runner.py:72} INFO - Started process 1211 to run task
[2024-12-20T17:40:28.737+0000] {standard_task_runner.py:104} INFO - Running: ['***', 'tasks', 'run', 'docker_dag', 't2', 'manual__2024-12-20T17:40:19.800653+00:00', '--job-id', '62', '--raw', '--subdir', 'DAGS_FOLDER/A_dag_test.py', '--cfg-path', '/tmp/tmp6f6briy5']
[2024-12-20T17:40:28.738+0000] {standard_task_runner.py:105} INFO - Job 62: Subtask t2
[2024-12-20T17:40:28.772+0000] {task_command.py:467} INFO - Running <TaskInstance: docker_dag.t2 manual__2024-12-20T17:40:19.800653+00:00 [running]> on host 6cb319c12099
[2024-12-20T17:40:28.822+0000] {taskinstance.py:3132} INFO - Exporting env vars: AIRFLOW_CTX_DAG_OWNER='***' AIRFLOW_CTX_DAG_ID='docker_dag' AIRFLOW_CTX_TASK_ID='t2' AIRFLOW_CTX_EXECUTION_DATE='2024-12-20T17:40:19.800653+00:00' AIRFLOW_CTX_TRY_NUMBER='1' AIRFLOW_CTX_DAG_RUN_ID='manual__2024-12-20T17:40:19.800653+00:00'
[2024-12-20T17:40:28.824+0000] {logging_mixin.py:190} INFO - Task instance is in running state
[2024-12-20T17:40:28.824+0000] {logging_mixin.py:190} INFO -  Previous state of the Task instance: queued
[2024-12-20T17:40:28.824+0000] {logging_mixin.py:190} INFO - Current task name:t2 state:running start_date:2024-12-20 17:40:28.711750+00:00
[2024-12-20T17:40:28.824+0000] {logging_mixin.py:190} INFO - Dag name:docker_dag and current dag run status:running
[2024-12-20T17:40:28.824+0000] {taskinstance.py:731} INFO - ::endgroup::
[2024-12-20T17:40:28.974+0000] {docker.py:379} INFO - Starting docker container from image spark-cluster:version-1.0.0
[2024-12-20T17:40:29.007+0000] {docker.py:387} WARNING - Using remote engine or docker-in-docker and mounting temporary volume from host is not supported. Falling back to `mount_tmp_dir=False` mode. You can set `mount_tmp_dir` parameter to False to disable mounting and remove the warning
[2024-12-20T17:40:30.920+0000] {docker.py:73} INFO - Input Notebook:  /home/jovyan/Notebooks/NB_Calendar.ipynb
[2024-12-20T17:40:30.931+0000] {docker.py:73} INFO - Output Notebook: /home/jovyan/Notebooks/output/NB_Calendar.ipynb
[2024-12-20T17:40:30.998+0000] {docker.py:73} INFO - Executing:   0%|          | 0/14 [00:00<?, ?cell/s]
[2024-12-20T17:40:33.123+0000] {docker.py:73} INFO - Executing notebook with kernel: python3
[2024-12-20T17:40:34.177+0000] {docker.py:73} INFO - Executing:   7%|▋         | 1/14 [00:03<00:41,  3.17s/cell]
[2024-12-20T17:40:54.140+0000] {docker.py:73} INFO - :: loading settings :: url = jar:file:/usr/local/spark/jars/ivy-2.5.1.jar!/org/apache/ivy/core/settings/ivysettings.xml
[2024-12-20T17:40:54.657+0000] {docker.py:73} INFO - Ivy Default Cache set to: /home/jovyan/.ivy2/cache
[2024-12-20T17:40:54.663+0000] {docker.py:73} INFO - The jars for the packages stored in: /home/jovyan/.ivy2/jars
[2024-12-20T17:40:54.697+0000] {docker.py:73} INFO - io.delta#delta-spark_2.12 added as a dependency
[2024-12-20T17:40:54.701+0000] {docker.py:73} INFO - :: resolving dependencies :: org.apache.spark#spark-submit-parent-efb67ec3-c683-4a31-885f-01c7684ee48a;1.0
[2024-12-20T17:40:54.703+0000] {docker.py:73} INFO - 	confs: [default]
[2024-12-20T17:41:27.178+0000] {job.py:229} INFO - Heartbeat recovered after 28.63 seconds
[2024-12-20T17:41:31.439+0000] {docker.py:73} INFO - 	found io.delta#delta-spark_2.12;3.2.0 in central
[2024-12-20T17:41:31.990+0000] {docker.py:73} INFO - 	found io.delta#delta-storage;3.2.0 in central
[2024-12-20T17:41:46.298+0000] {job.py:229} INFO - Heartbeat recovered after 13.77 seconds
[2024-12-20T17:41:48.521+0000] {docker.py:73} INFO - 	found org.antlr#antlr4-runtime;4.9.3 in central
[2024-12-20T17:41:48.836+0000] {docker.py:73} INFO - downloading https://repo1.maven.org/maven2/io/delta/delta-spark_2.12/3.2.0/delta-spark_2.12-3.2.0.jar ...
[2024-12-20T17:41:57.253+0000] {docker.py:73} INFO - 	[SUCCESSFUL ] io.delta#delta-spark_2.12;3.2.0!delta-spark_2.12.jar (8677ms)
[2024-12-20T17:41:57.531+0000] {docker.py:73} INFO - downloading https://repo1.maven.org/maven2/io/delta/delta-storage/3.2.0/delta-storage-3.2.0.jar ...
[2024-12-20T17:41:57.906+0000] {docker.py:73} INFO - 	[SUCCESSFUL ] io.delta#delta-storage;3.2.0!delta-storage.jar (643ms)
[2024-12-20T17:41:58.171+0000] {docker.py:73} INFO - downloading https://repo1.maven.org/maven2/org/antlr/antlr4-runtime/4.9.3/antlr4-runtime-4.9.3.jar ...
[2024-12-20T17:41:58.614+0000] {docker.py:73} INFO - 	[SUCCESSFUL ] org.antlr#antlr4-runtime;4.9.3!antlr4-runtime.jar (702ms)
[2024-12-20T17:41:58.616+0000] {docker.py:73} INFO - :: resolution report :: resolve 53870ms :: artifacts dl 10048ms
[2024-12-20T17:41:58.618+0000] {docker.py:73} INFO - 	:: modules in use:
[2024-12-20T17:41:58.620+0000] {docker.py:73} INFO - 	io.delta#delta-spark_2.12;3.2.0 from central in [default]
[2024-12-20T17:41:58.621+0000] {docker.py:73} INFO - 	io.delta#delta-storage;3.2.0 from central in [default]
[2024-12-20T17:41:58.621+0000] {docker.py:73} INFO - 	org.antlr#antlr4-runtime;4.9.3 from central in [default]
[2024-12-20T17:41:58.622+0000] {docker.py:73} INFO - 	---------------------------------------------------------------------
[2024-12-20T17:41:58.623+0000] {docker.py:73} INFO - 	|                  |            modules            ||   artifacts   |
[2024-12-20T17:41:58.624+0000] {docker.py:73} INFO - 	|       conf       | number| search|dwnlded|evicted|| number|dwnlded|
[2024-12-20T17:41:58.624+0000] {docker.py:73} INFO - 	---------------------------------------------------------------------
[2024-12-20T17:41:58.625+0000] {docker.py:73} INFO - 	|      default     |   3   |   3   |   3   |   0   ||   3   |   3   |
[2024-12-20T17:41:58.626+0000] {docker.py:73} INFO - 	---------------------------------------------------------------------
[2024-12-20T17:41:58.642+0000] {docker.py:73} INFO - :: retrieving :: org.apache.spark#spark-submit-parent-efb67ec3-c683-4a31-885f-01c7684ee48a
[2024-12-20T17:41:58.643+0000] {docker.py:73} INFO - 	confs: [default]
[2024-12-20T17:41:58.680+0000] {docker.py:73} INFO - 	3 artifacts copied, 0 already retrieved (6321kB/39ms)
[2024-12-20T17:41:59.011+0000] {docker.py:73} INFO - 24/12/20 17:41:59 WARN NativeCodeLoader: Unable to load native-hadoop library for your platform... using builtin-java classes where applicable
[2024-12-20T17:41:59.250+0000] {docker.py:73} INFO - Setting default log level to "WARN".
[2024-12-20T17:41:59.252+0000] {docker.py:73} INFO - To adjust logging level use sc.setLogLevel(newLevel). For SparkR, use setLogLevel(newLevel).
[2024-12-20T17:42:00.323+0000] {docker.py:73} INFO - 24/12/20 17:42:00 WARN StandaloneSchedulerBackend: Dynamic allocation enabled without spark.executor.cores explicitly set, you may get more executors allocated than expected. It's recommended to set spark.executor.cores explicitly. Please check SPARK-30299 for more details.
[2024-12-20T17:42:00.403+0000] {docker.py:73} INFO - 24/12/20 17:42:00 WARN StandaloneAppClient$ClientEndpoint: Failed to connect to master spark-master:7077
[2024-12-20T17:42:00.404+0000] {docker.py:73} INFO - org.apache.spark.SparkException: Exception thrown in awaitResult: 
[2024-12-20T17:42:00.404+0000] {docker.py:73} INFO - 	at org.apache.spark.util.SparkThreadUtils$.awaitResult(SparkThreadUtils.scala:56)
[2024-12-20T17:42:00.404+0000] {docker.py:73} INFO - 	at org.apache.spark.util.ThreadUtils$.awaitResult(ThreadUtils.scala:310)
[2024-12-20T17:42:00.404+0000] {docker.py:73} INFO - 	at org.apache.spark.rpc.RpcTimeout.awaitResult(RpcTimeout.scala:75)
[2024-12-20T17:42:00.405+0000] {docker.py:73} INFO - 	at org.apache.spark.rpc.RpcEnv.setupEndpointRefByURI(RpcEnv.scala:102)
[2024-12-20T17:42:00.405+0000] {docker.py:73} INFO - 	at org.apache.spark.rpc.RpcEnv.setupEndpointRef(RpcEnv.scala:110)
[2024-12-20T17:42:00.405+0000] {docker.py:73} INFO - 	at org.apache.spark.deploy.client.StandaloneAppClient$ClientEndpoint$$anon$1.run(StandaloneAppClient.scala:108)
[2024-12-20T17:42:00.405+0000] {docker.py:73} INFO - 	at java.base/java.util.concurrent.Executors$RunnableAdapter.call(Executors.java:539)
[2024-12-20T17:42:00.405+0000] {docker.py:73} INFO - 	at java.base/java.util.concurrent.FutureTask.run(FutureTask.java:264)
[2024-12-20T17:42:00.406+0000] {docker.py:73} INFO - 	at java.base/java.util.concurrent.ThreadPoolExecutor.runWorker(ThreadPoolExecutor.java:1136)
[2024-12-20T17:42:00.406+0000] {docker.py:73} INFO - 	at java.base/java.util.concurrent.ThreadPoolExecutor$Worker.run(ThreadPoolExecutor.java:635)
[2024-12-20T17:42:00.406+0000] {docker.py:73} INFO - 	at java.base/java.lang.Thread.run(Thread.java:840)
[2024-12-20T17:42:00.406+0000] {docker.py:73} INFO - Caused by: java.io.IOException: Failed to connect to spark-master/<unresolved>:7077
[2024-12-20T17:42:00.406+0000] {docker.py:73} INFO - 	at org.apache.spark.network.client.TransportClientFactory.createClient(TransportClientFactory.java:294)
[2024-12-20T17:42:00.406+0000] {docker.py:73} INFO - 	at org.apache.spark.network.client.TransportClientFactory.createClient(TransportClientFactory.java:214)
[2024-12-20T17:42:00.406+0000] {docker.py:73} INFO - 	at org.apache.spark.network.client.TransportClientFactory.createClient(TransportClientFactory.java:226)
[2024-12-20T17:42:00.406+0000] {docker.py:73} INFO - 	at org.apache.spark.rpc.netty.NettyRpcEnv.createClient(NettyRpcEnv.scala:204)
[2024-12-20T17:42:00.406+0000] {docker.py:73} INFO - 	at org.apache.spark.rpc.netty.Outbox$$anon$1.call(Outbox.scala:202)
[2024-12-20T17:42:00.406+0000] {docker.py:73} INFO - 	at org.apache.spark.rpc.netty.Outbox$$anon$1.call(Outbox.scala:198)
[2024-12-20T17:42:00.406+0000] {docker.py:73} INFO - 	... 4 more
[2024-12-20T17:42:00.407+0000] {docker.py:73} INFO - Caused by: java.net.UnknownHostException: spark-master
[2024-12-20T17:42:00.407+0000] {docker.py:73} INFO - 	at java.base/java.net.InetAddress$CachedAddresses.get(InetAddress.java:801)
[2024-12-20T17:42:00.407+0000] {docker.py:73} INFO - 	at java.base/java.net.InetAddress.getAllByName0(InetAddress.java:1533)
[2024-12-20T17:42:00.407+0000] {docker.py:73} INFO - 	at java.base/java.net.InetAddress.getAllByName(InetAddress.java:1385)
[2024-12-20T17:42:00.407+0000] {docker.py:73} INFO - 	at java.base/java.net.InetAddress.getAllByName(InetAddress.java:1306)
[2024-12-20T17:42:00.407+0000] {docker.py:73} INFO - 	at java.base/java.net.InetAddress.getByName(InetAddress.java:1256)
[2024-12-20T17:42:00.407+0000] {docker.py:73} INFO - 	at io.netty.util.internal.SocketUtils$8.run(SocketUtils.java:156)
[2024-12-20T17:42:00.407+0000] {docker.py:73} INFO - 	at io.netty.util.internal.SocketUtils$8.run(SocketUtils.java:153)
[2024-12-20T17:42:00.407+0000] {docker.py:73} INFO - 	at java.base/java.security.AccessController.doPrivileged(AccessController.java:569)
[2024-12-20T17:42:00.407+0000] {docker.py:73} INFO - 	at io.netty.util.internal.SocketUtils.addressByName(SocketUtils.java:153)
[2024-12-20T17:42:00.407+0000] {docker.py:73} INFO - 	at io.netty.resolver.DefaultNameResolver.doResolve(DefaultNameResolver.java:41)
[2024-12-20T17:42:00.407+0000] {docker.py:73} INFO - 	at io.netty.resolver.SimpleNameResolver.resolve(SimpleNameResolver.java:61)
[2024-12-20T17:42:00.407+0000] {docker.py:73} INFO - 	at io.netty.resolver.SimpleNameResolver.resolve(SimpleNameResolver.java:53)
[2024-12-20T17:42:00.408+0000] {docker.py:73} INFO - 	at io.netty.resolver.InetSocketAddressResolver.doResolve(InetSocketAddressResolver.java:55)
[2024-12-20T17:42:00.408+0000] {docker.py:73} INFO - 	at io.netty.resolver.InetSocketAddressResolver.doResolve(InetSocketAddressResolver.java:31)
[2024-12-20T17:42:00.408+0000] {docker.py:73} INFO - 	at io.netty.resolver.AbstractAddressResolver.resolve(AbstractAddressResolver.java:106)
[2024-12-20T17:42:00.408+0000] {docker.py:73} INFO - 	at io.netty.bootstrap.Bootstrap.doResolveAndConnect0(Bootstrap.java:220)
[2024-12-20T17:42:00.408+0000] {docker.py:73} INFO - 	at io.netty.bootstrap.Bootstrap.access$000(Bootstrap.java:46)
[2024-12-20T17:42:00.408+0000] {docker.py:73} INFO - 	at io.netty.bootstrap.Bootstrap$1.operationComplete(Bootstrap.java:189)
[2024-12-20T17:42:00.408+0000] {docker.py:73} INFO - 	at io.netty.bootstrap.Bootstrap$1.operationComplete(Bootstrap.java:175)
[2024-12-20T17:42:00.408+0000] {docker.py:73} INFO - 	at io.netty.util.concurrent.DefaultPromise.notifyListener0(DefaultPromise.java:590)
[2024-12-20T17:42:00.408+0000] {docker.py:73} INFO - 	at io.netty.util.concurrent.DefaultPromise.notifyListenersNow(DefaultPromise.java:557)
[2024-12-20T17:42:00.408+0000] {docker.py:73} INFO - 	at io.netty.util.concurrent.DefaultPromise.notifyListeners(DefaultPromise.java:492)
[2024-12-20T17:42:00.408+0000] {docker.py:73} INFO - 	at io.netty.util.concurrent.DefaultPromise.setValue0(DefaultPromise.java:636)
[2024-12-20T17:42:00.408+0000] {docker.py:73} INFO - 	at io.netty.util.concurrent.DefaultPromise.setSuccess0(DefaultPromise.java:625)
[2024-12-20T17:42:00.408+0000] {docker.py:73} INFO - 	at io.netty.util.concurrent.DefaultPromise.trySuccess(DefaultPromise.java:105)
[2024-12-20T17:42:00.408+0000] {docker.py:73} INFO - 	at io.netty.channel.DefaultChannelPromise.trySuccess(DefaultChannelPromise.java:84)
[2024-12-20T17:42:00.408+0000] {docker.py:73} INFO - 	at io.netty.channel.AbstractChannel$AbstractUnsafe.safeSetSuccess(AbstractChannel.java:990)
[2024-12-20T17:42:00.409+0000] {docker.py:73} INFO - 	at io.netty.channel.AbstractChannel$AbstractUnsafe.register0(AbstractChannel.java:516)
[2024-12-20T17:42:00.409+0000] {docker.py:73} INFO - 	at io.netty.channel.AbstractChannel$AbstractUnsafe.access$200(AbstractChannel.java:429)
[2024-12-20T17:42:00.409+0000] {docker.py:73} INFO - 	at io.netty.channel.AbstractChannel$AbstractUnsafe$1.run(AbstractChannel.java:486)
[2024-12-20T17:42:00.409+0000] {docker.py:73} INFO - 	at io.netty.util.concurrent.AbstractEventExecutor.runTask(AbstractEventExecutor.java:174)
[2024-12-20T17:42:00.409+0000] {docker.py:73} INFO - 	at io.netty.util.concurrent.AbstractEventExecutor.safeExecute(AbstractEventExecutor.java:167)
[2024-12-20T17:42:00.409+0000] {docker.py:73} INFO - 	at io.netty.util.concurrent.SingleThreadEventExecutor.runAllTasks(SingleThreadEventExecutor.java:470)
[2024-12-20T17:42:00.409+0000] {docker.py:73} INFO - 	at io.netty.channel.nio.NioEventLoop.run(NioEventLoop.java:569)
[2024-12-20T17:42:00.409+0000] {docker.py:73} INFO - 	at io.netty.util.concurrent.SingleThreadEventExecutor$4.run(SingleThreadEventExecutor.java:997)
[2024-12-20T17:42:00.409+0000] {docker.py:73} INFO - 	at io.netty.util.internal.ThreadExecutorMap$2.run(ThreadExecutorMap.java:74)
[2024-12-20T17:42:00.409+0000] {docker.py:73} INFO - 	at io.netty.util.concurrent.FastThreadLocalRunnable.run(FastThreadLocalRunnable.java:30)
[2024-12-20T17:42:00.409+0000] {docker.py:73} INFO - 	... 1 more
[2024-12-20T17:42:20.417+0000] {docker.py:73} INFO - 24/12/20 17:42:20 WARN StandaloneAppClient$ClientEndpoint: Failed to connect to master spark-master:7077
[2024-12-20T17:42:20.423+0000] {docker.py:73} INFO - org.apache.spark.SparkException: Exception thrown in awaitResult: 
[2024-12-20T17:42:20.423+0000] {docker.py:73} INFO - 	at org.apache.spark.util.SparkThreadUtils$.awaitResult(SparkThreadUtils.scala:56)
[2024-12-20T17:42:20.423+0000] {docker.py:73} INFO - 	at org.apache.spark.util.ThreadUtils$.awaitResult(ThreadUtils.scala:310)
[2024-12-20T17:42:20.424+0000] {docker.py:73} INFO - 	at org.apache.spark.rpc.RpcTimeout.awaitResult(RpcTimeout.scala:75)
[2024-12-20T17:42:20.424+0000] {docker.py:73} INFO - 	at org.apache.spark.rpc.RpcEnv.setupEndpointRefByURI(RpcEnv.scala:102)
[2024-12-20T17:42:20.424+0000] {docker.py:73} INFO - 	at org.apache.spark.rpc.RpcEnv.setupEndpointRef(RpcEnv.scala:110)
[2024-12-20T17:42:20.425+0000] {docker.py:73} INFO - 	at org.apache.spark.deploy.client.StandaloneAppClient$ClientEndpoint$$anon$1.run(StandaloneAppClient.scala:108)
[2024-12-20T17:42:20.425+0000] {docker.py:73} INFO - 	at java.base/java.util.concurrent.Executors$RunnableAdapter.call(Executors.java:539)
[2024-12-20T17:42:20.425+0000] {docker.py:73} INFO - 	at java.base/java.util.concurrent.FutureTask.run(FutureTask.java:264)
[2024-12-20T17:42:20.425+0000] {docker.py:73} INFO - 	at java.base/java.util.concurrent.ThreadPoolExecutor.runWorker(ThreadPoolExecutor.java:1136)
[2024-12-20T17:42:20.425+0000] {docker.py:73} INFO - 	at java.base/java.util.concurrent.ThreadPoolExecutor$Worker.run(ThreadPoolExecutor.java:635)
[2024-12-20T17:42:20.425+0000] {docker.py:73} INFO - 	at java.base/java.lang.Thread.run(Thread.java:840)
[2024-12-20T17:42:20.426+0000] {docker.py:73} INFO - Caused by: java.io.IOException: Failed to connect to spark-master/<unresolved>:7077
[2024-12-20T17:42:20.426+0000] {docker.py:73} INFO - 	at org.apache.spark.network.client.TransportClientFactory.createClient(TransportClientFactory.java:294)
[2024-12-20T17:42:20.426+0000] {docker.py:73} INFO - 	at org.apache.spark.network.client.TransportClientFactory.createClient(TransportClientFactory.java:214)
[2024-12-20T17:42:20.426+0000] {docker.py:73} INFO - 	at org.apache.spark.network.client.TransportClientFactory.createClient(TransportClientFactory.java:226)
[2024-12-20T17:42:20.426+0000] {docker.py:73} INFO - 	at org.apache.spark.rpc.netty.NettyRpcEnv.createClient(NettyRpcEnv.scala:204)
[2024-12-20T17:42:20.427+0000] {docker.py:73} INFO - 	at org.apache.spark.rpc.netty.Outbox$$anon$1.call(Outbox.scala:202)
[2024-12-20T17:42:20.427+0000] {docker.py:73} INFO - 	at org.apache.spark.rpc.netty.Outbox$$anon$1.call(Outbox.scala:198)
[2024-12-20T17:42:20.427+0000] {docker.py:73} INFO - 	... 4 more
[2024-12-20T17:42:20.427+0000] {docker.py:73} INFO - Caused by: java.net.UnknownHostException: spark-master
[2024-12-20T17:42:20.427+0000] {docker.py:73} INFO - 	at java.base/java.net.InetAddress$CachedAddresses.get(InetAddress.java:801)
[2024-12-20T17:42:20.428+0000] {docker.py:73} INFO - 	at java.base/java.net.InetAddress.getAllByName0(InetAddress.java:1533)
[2024-12-20T17:42:20.428+0000] {docker.py:73} INFO - 	at java.base/java.net.InetAddress.getAllByName(InetAddress.java:1385)
[2024-12-20T17:42:20.428+0000] {docker.py:73} INFO - 	at java.base/java.net.InetAddress.getAllByName(InetAddress.java:1306)
[2024-12-20T17:42:20.428+0000] {docker.py:73} INFO - 	at java.base/java.net.InetAddress.getByName(InetAddress.java:1256)
[2024-12-20T17:42:20.428+0000] {docker.py:73} INFO - 	at io.netty.util.internal.SocketUtils$8.run(SocketUtils.java:156)
[2024-12-20T17:42:20.429+0000] {docker.py:73} INFO - 	at io.netty.util.internal.SocketUtils$8.run(SocketUtils.java:153)
[2024-12-20T17:42:20.429+0000] {docker.py:73} INFO - 	at java.base/java.security.AccessController.doPrivileged(AccessController.java:569)
[2024-12-20T17:42:20.429+0000] {docker.py:73} INFO - 	at io.netty.util.internal.SocketUtils.addressByName(SocketUtils.java:153)
[2024-12-20T17:42:20.429+0000] {docker.py:73} INFO - 	at io.netty.resolver.DefaultNameResolver.doResolve(DefaultNameResolver.java:41)
[2024-12-20T17:42:20.429+0000] {docker.py:73} INFO - 	at io.netty.resolver.SimpleNameResolver.resolve(SimpleNameResolver.java:61)
[2024-12-20T17:42:20.430+0000] {docker.py:73} INFO - 	at io.netty.resolver.SimpleNameResolver.resolve(SimpleNameResolver.java:53)
[2024-12-20T17:42:20.430+0000] {docker.py:73} INFO - 	at io.netty.resolver.InetSocketAddressResolver.doResolve(InetSocketAddressResolver.java:55)
[2024-12-20T17:42:20.430+0000] {docker.py:73} INFO - 	at io.netty.resolver.InetSocketAddressResolver.doResolve(InetSocketAddressResolver.java:31)
[2024-12-20T17:42:20.430+0000] {docker.py:73} INFO - 	at io.netty.resolver.AbstractAddressResolver.resolve(AbstractAddressResolver.java:106)
[2024-12-20T17:42:20.430+0000] {docker.py:73} INFO - 	at io.netty.bootstrap.Bootstrap.doResolveAndConnect0(Bootstrap.java:220)
[2024-12-20T17:42:20.430+0000] {docker.py:73} INFO - 	at io.netty.bootstrap.Bootstrap.access$000(Bootstrap.java:46)
[2024-12-20T17:42:20.430+0000] {docker.py:73} INFO - 	at io.netty.bootstrap.Bootstrap$1.operationComplete(Bootstrap.java:189)
[2024-12-20T17:42:20.430+0000] {docker.py:73} INFO - 	at io.netty.bootstrap.Bootstrap$1.operationComplete(Bootstrap.java:175)
[2024-12-20T17:42:20.430+0000] {docker.py:73} INFO - 	at io.netty.util.concurrent.DefaultPromise.notifyListener0(DefaultPromise.java:590)
[2024-12-20T17:42:20.430+0000] {docker.py:73} INFO - 	at io.netty.util.concurrent.DefaultPromise.notifyListenersNow(DefaultPromise.java:557)
[2024-12-20T17:42:20.431+0000] {docker.py:73} INFO - 	at io.netty.util.concurrent.DefaultPromise.notifyListeners(DefaultPromise.java:492)
[2024-12-20T17:42:20.431+0000] {docker.py:73} INFO - 	at io.netty.util.concurrent.DefaultPromise.setValue0(DefaultPromise.java:636)
[2024-12-20T17:42:20.431+0000] {docker.py:73} INFO - 	at io.netty.util.concurrent.DefaultPromise.setSuccess0(DefaultPromise.java:625)
[2024-12-20T17:42:20.431+0000] {docker.py:73} INFO - 	at io.netty.util.concurrent.DefaultPromise.trySuccess(DefaultPromise.java:105)
[2024-12-20T17:42:20.431+0000] {docker.py:73} INFO - 	at io.netty.channel.DefaultChannelPromise.trySuccess(DefaultChannelPromise.java:84)
[2024-12-20T17:42:20.431+0000] {docker.py:73} INFO - 	at io.netty.channel.AbstractChannel$AbstractUnsafe.safeSetSuccess(AbstractChannel.java:990)
[2024-12-20T17:42:20.431+0000] {docker.py:73} INFO - 	at io.netty.channel.AbstractChannel$AbstractUnsafe.register0(AbstractChannel.java:516)
[2024-12-20T17:42:20.431+0000] {docker.py:73} INFO - 	at io.netty.channel.AbstractChannel$AbstractUnsafe.access$200(AbstractChannel.java:429)
[2024-12-20T17:42:20.431+0000] {docker.py:73} INFO - 	at io.netty.channel.AbstractChannel$AbstractUnsafe$1.run(AbstractChannel.java:486)
[2024-12-20T17:42:20.431+0000] {docker.py:73} INFO - 	at io.netty.util.concurrent.AbstractEventExecutor.runTask(AbstractEventExecutor.java:174)
[2024-12-20T17:42:20.431+0000] {docker.py:73} INFO - 	at io.netty.util.concurrent.AbstractEventExecutor.safeExecute(AbstractEventExecutor.java:167)
[2024-12-20T17:42:20.432+0000] {docker.py:73} INFO - 	at io.netty.util.concurrent.SingleThreadEventExecutor.runAllTasks(SingleThreadEventExecutor.java:470)
[2024-12-20T17:42:20.432+0000] {docker.py:73} INFO - 	at io.netty.channel.nio.NioEventLoop.run(NioEventLoop.java:569)
[2024-12-20T17:42:20.432+0000] {docker.py:73} INFO - 	at io.netty.util.concurrent.SingleThreadEventExecutor$4.run(SingleThreadEventExecutor.java:997)
[2024-12-20T17:42:20.432+0000] {docker.py:73} INFO - 	at io.netty.util.internal.ThreadExecutorMap$2.run(ThreadExecutorMap.java:74)
[2024-12-20T17:42:20.432+0000] {docker.py:73} INFO - 	at io.netty.util.concurrent.FastThreadLocalRunnable.run(FastThreadLocalRunnable.java:30)
[2024-12-20T17:42:20.432+0000] {docker.py:73} INFO - 	... 1 more
[2024-12-20T17:42:40.456+0000] {docker.py:73} INFO - 24/12/20 17:42:40 WARN StandaloneAppClient$ClientEndpoint: Failed to connect to master spark-master:7077
[2024-12-20T17:42:40.463+0000] {docker.py:73} INFO - org.apache.spark.SparkException: Exception thrown in awaitResult: 
[2024-12-20T17:42:40.463+0000] {docker.py:73} INFO - 	at org.apache.spark.util.SparkThreadUtils$.awaitResult(SparkThreadUtils.scala:56)
[2024-12-20T17:42:40.463+0000] {docker.py:73} INFO - 	at org.apache.spark.util.ThreadUtils$.awaitResult(ThreadUtils.scala:310)
[2024-12-20T17:42:40.463+0000] {docker.py:73} INFO - 	at org.apache.spark.rpc.RpcTimeout.awaitResult(RpcTimeout.scala:75)
[2024-12-20T17:42:40.464+0000] {docker.py:73} INFO - 	at org.apache.spark.rpc.RpcEnv.setupEndpointRefByURI(RpcEnv.scala:102)
[2024-12-20T17:42:40.464+0000] {docker.py:73} INFO - 	at org.apache.spark.rpc.RpcEnv.setupEndpointRef(RpcEnv.scala:110)
[2024-12-20T17:42:40.464+0000] {docker.py:73} INFO - 	at org.apache.spark.deploy.client.StandaloneAppClient$ClientEndpoint$$anon$1.run(StandaloneAppClient.scala:108)
[2024-12-20T17:42:40.464+0000] {docker.py:73} INFO - 	at java.base/java.util.concurrent.Executors$RunnableAdapter.call(Executors.java:539)
[2024-12-20T17:42:40.464+0000] {docker.py:73} INFO - 	at java.base/java.util.concurrent.FutureTask.run(FutureTask.java:264)
[2024-12-20T17:42:40.464+0000] {docker.py:73} INFO - 	at java.base/java.util.concurrent.ThreadPoolExecutor.runWorker(ThreadPoolExecutor.java:1136)
[2024-12-20T17:42:40.465+0000] {docker.py:73} INFO - 	at java.base/java.util.concurrent.ThreadPoolExecutor$Worker.run(ThreadPoolExecutor.java:635)
[2024-12-20T17:42:40.465+0000] {docker.py:73} INFO - 	at java.base/java.lang.Thread.run(Thread.java:840)
[2024-12-20T17:42:40.465+0000] {docker.py:73} INFO - Caused by: java.io.IOException: Failed to connect to spark-master/<unresolved>:7077
[2024-12-20T17:42:40.465+0000] {docker.py:73} INFO - 	at org.apache.spark.network.client.TransportClientFactory.createClient(TransportClientFactory.java:294)
[2024-12-20T17:42:40.465+0000] {docker.py:73} INFO - 	at org.apache.spark.network.client.TransportClientFactory.createClient(TransportClientFactory.java:214)
[2024-12-20T17:42:40.465+0000] {docker.py:73} INFO - 	at org.apache.spark.network.client.TransportClientFactory.createClient(TransportClientFactory.java:226)
[2024-12-20T17:42:40.466+0000] {docker.py:73} INFO - 	at org.apache.spark.rpc.netty.NettyRpcEnv.createClient(NettyRpcEnv.scala:204)
[2024-12-20T17:42:40.466+0000] {docker.py:73} INFO - 	at org.apache.spark.rpc.netty.Outbox$$anon$1.call(Outbox.scala:202)
[2024-12-20T17:42:40.466+0000] {docker.py:73} INFO - 	at org.apache.spark.rpc.netty.Outbox$$anon$1.call(Outbox.scala:198)
[2024-12-20T17:42:40.466+0000] {docker.py:73} INFO - 	... 4 more
[2024-12-20T17:42:40.466+0000] {docker.py:73} INFO - Caused by: java.net.UnknownHostException: spark-master
[2024-12-20T17:42:40.466+0000] {docker.py:73} INFO - 	at java.base/java.net.InetAddress$CachedAddresses.get(InetAddress.java:801)
[2024-12-20T17:42:40.467+0000] {docker.py:73} INFO - 	at java.base/java.net.InetAddress.getAllByName0(InetAddress.java:1533)
[2024-12-20T17:42:40.467+0000] {docker.py:73} INFO - 	at java.base/java.net.InetAddress.getAllByName(InetAddress.java:1385)
[2024-12-20T17:42:40.467+0000] {docker.py:73} INFO - 	at java.base/java.net.InetAddress.getAllByName(InetAddress.java:1306)
[2024-12-20T17:42:40.467+0000] {docker.py:73} INFO - 	at java.base/java.net.InetAddress.getByName(InetAddress.java:1256)
[2024-12-20T17:42:40.467+0000] {docker.py:73} INFO - 	at io.netty.util.internal.SocketUtils$8.run(SocketUtils.java:156)
[2024-12-20T17:42:40.467+0000] {docker.py:73} INFO - 	at io.netty.util.internal.SocketUtils$8.run(SocketUtils.java:153)
[2024-12-20T17:42:40.467+0000] {docker.py:73} INFO - 	at java.base/java.security.AccessController.doPrivileged(AccessController.java:569)
[2024-12-20T17:42:40.468+0000] {docker.py:73} INFO - 	at io.netty.util.internal.SocketUtils.addressByName(SocketUtils.java:153)
[2024-12-20T17:42:40.468+0000] {docker.py:73} INFO - 	at io.netty.resolver.DefaultNameResolver.doResolve(DefaultNameResolver.java:41)
[2024-12-20T17:42:40.468+0000] {docker.py:73} INFO - 	at io.netty.resolver.SimpleNameResolver.resolve(SimpleNameResolver.java:61)
[2024-12-20T17:42:40.468+0000] {docker.py:73} INFO - 	at io.netty.resolver.SimpleNameResolver.resolve(SimpleNameResolver.java:53)
[2024-12-20T17:42:40.469+0000] {docker.py:73} INFO - 	at io.netty.resolver.InetSocketAddressResolver.doResolve(InetSocketAddressResolver.java:55)
[2024-12-20T17:42:40.469+0000] {docker.py:73} INFO - 	at io.netty.resolver.InetSocketAddressResolver.doResolve(InetSocketAddressResolver.java:31)
[2024-12-20T17:42:40.469+0000] {docker.py:73} INFO - 	at io.netty.resolver.AbstractAddressResolver.resolve(AbstractAddressResolver.java:106)
[2024-12-20T17:42:40.469+0000] {docker.py:73} INFO - 	at io.netty.bootstrap.Bootstrap.doResolveAndConnect0(Bootstrap.java:220)
[2024-12-20T17:42:40.469+0000] {docker.py:73} INFO - 	at io.netty.bootstrap.Bootstrap.access$000(Bootstrap.java:46)
[2024-12-20T17:42:40.469+0000] {docker.py:73} INFO - 	at io.netty.bootstrap.Bootstrap$1.operationComplete(Bootstrap.java:189)
[2024-12-20T17:42:40.470+0000] {docker.py:73} INFO - 	at io.netty.bootstrap.Bootstrap$1.operationComplete(Bootstrap.java:175)
[2024-12-20T17:42:40.470+0000] {docker.py:73} INFO - 	at io.netty.util.concurrent.DefaultPromise.notifyListener0(DefaultPromise.java:590)
[2024-12-20T17:42:40.470+0000] {docker.py:73} INFO - 	at io.netty.util.concurrent.DefaultPromise.notifyListenersNow(DefaultPromise.java:557)
[2024-12-20T17:42:40.470+0000] {docker.py:73} INFO - 	at io.netty.util.concurrent.DefaultPromise.notifyListeners(DefaultPromise.java:492)
[2024-12-20T17:42:40.470+0000] {docker.py:73} INFO - 	at io.netty.util.concurrent.DefaultPromise.setValue0(DefaultPromise.java:636)
[2024-12-20T17:42:40.471+0000] {docker.py:73} INFO - 	at io.netty.util.concurrent.DefaultPromise.setSuccess0(DefaultPromise.java:625)
[2024-12-20T17:42:40.471+0000] {docker.py:73} INFO - 	at io.netty.util.concurrent.DefaultPromise.trySuccess(DefaultPromise.java:105)
[2024-12-20T17:42:40.472+0000] {docker.py:73} INFO - 	at io.netty.channel.DefaultChannelPromise.trySuccess(DefaultChannelPromise.java:84)
[2024-12-20T17:42:40.472+0000] {docker.py:73} INFO - 	at io.netty.channel.AbstractChannel$AbstractUnsafe.safeSetSuccess(AbstractChannel.java:990)
[2024-12-20T17:42:40.472+0000] {docker.py:73} INFO - 	at io.netty.channel.AbstractChannel$AbstractUnsafe.register0(AbstractChannel.java:516)
[2024-12-20T17:42:40.472+0000] {docker.py:73} INFO - 	at io.netty.channel.AbstractChannel$AbstractUnsafe.access$200(AbstractChannel.java:429)
[2024-12-20T17:42:40.472+0000] {docker.py:73} INFO - 	at io.netty.channel.AbstractChannel$AbstractUnsafe$1.run(AbstractChannel.java:486)
[2024-12-20T17:42:40.473+0000] {docker.py:73} INFO - 	at io.netty.util.concurrent.AbstractEventExecutor.runTask(AbstractEventExecutor.java:174)
[2024-12-20T17:42:40.473+0000] {docker.py:73} INFO - 	at io.netty.util.concurrent.AbstractEventExecutor.safeExecute(AbstractEventExecutor.java:167)
[2024-12-20T17:42:40.473+0000] {docker.py:73} INFO - 	at io.netty.util.concurrent.SingleThreadEventExecutor.runAllTasks(SingleThreadEventExecutor.java:470)
[2024-12-20T17:42:40.473+0000] {docker.py:73} INFO - 	at io.netty.channel.nio.NioEventLoop.run(NioEventLoop.java:569)
[2024-12-20T17:42:40.474+0000] {docker.py:73} INFO - 	at io.netty.util.concurrent.SingleThreadEventExecutor$4.run(SingleThreadEventExecutor.java:997)
[2024-12-20T17:42:40.474+0000] {docker.py:73} INFO - 	at io.netty.util.internal.ThreadExecutorMap$2.run(ThreadExecutorMap.java:74)
[2024-12-20T17:42:40.474+0000] {docker.py:73} INFO - 	at io.netty.util.concurrent.FastThreadLocalRunnable.run(FastThreadLocalRunnable.java:30)
[2024-12-20T17:42:40.474+0000] {docker.py:73} INFO - 	... 1 more
[2024-12-20T17:43:00.376+0000] {docker.py:73} INFO - 24/12/20 17:43:00 ERROR StandaloneSchedulerBackend: Application has been killed. Reason: All masters are unresponsive! Giving up.
[2024-12-20T17:43:00.406+0000] {docker.py:73} INFO - 24/12/20 17:43:00 WARN StandaloneSchedulerBackend: Application ID is not initialized yet.
[2024-12-20T17:43:00.933+0000] {docker.py:73} INFO - 24/12/20 17:43:00 WARN Utils: spark.executor.instances less than spark.dynamicAllocation.minExecutors is invalid, ignoring its setting, please update your configs.
[2024-12-20T17:43:01.012+0000] {docker.py:73} INFO - 24/12/20 17:43:01 WARN StandaloneAppClient: Attempted to request executors before driver fully initialized.
[2024-12-20T17:43:35.993+0000] {job.py:229} INFO - Heartbeat recovered after 32.81 seconds
[2024-12-20T17:43:36.715+0000] {docker.py:73} INFO - 24/12/20 17:43:36 WARN StandaloneAppClient$ClientEndpoint: Drop UnregisterApplication(null) because has not yet connected to master
[2024-12-20T17:43:43.802+0000] {docker.py:73} INFO - Executing:  21%|██▏       | 3/14 [03:12<13:01, 71.04s/cell]
[2024-12-20T17:43:46.587+0000] {docker.py:73} INFO - Executing:  21%|██▏       | 3/14 [03:15<11:56, 65.18s/cell]
[2024-12-20T17:43:46.751+0000] {docker.py:73} INFO - Traceback (most recent call last):
[2024-12-20T17:43:46.761+0000] {docker.py:73} INFO -   File "/opt/conda/bin/papermill", line 8, in <module>
[2024-12-20T17:43:46.765+0000] {docker.py:73} INFO -     sys.exit(papermill())
[2024-12-20T17:43:46.775+0000] {docker.py:73} INFO -              ^^^^^^^^^^^
[2024-12-20T17:43:46.777+0000] {docker.py:73} INFO -   File "/opt/conda/lib/python3.11/site-packages/click/core.py", line 1157, in __call__
[2024-12-20T17:43:46.779+0000] {docker.py:73} INFO -     return self.main(*args, **kwargs)
[2024-12-20T17:43:46.783+0000] {docker.py:73} INFO -            ^^^^^^^^^^^^^^^^^^^^^^^^^^
[2024-12-20T17:43:46.785+0000] {docker.py:73} INFO -   File "/opt/conda/lib/python3.11/site-packages/click/core.py", line 1078, in main
[2024-12-20T17:43:46.786+0000] {docker.py:73} INFO -     rv = self.invoke(ctx)
[2024-12-20T17:43:46.799+0000] {docker.py:73} INFO -          ^^^^^^^^^^^^^^^^
[2024-12-20T17:43:46.801+0000] {docker.py:73} INFO -   File "/opt/conda/lib/python3.11/site-packages/click/core.py", line 1434, in invoke
[2024-12-20T17:43:46.803+0000] {docker.py:73} INFO -     return ctx.invoke(self.callback, **ctx.params)
[2024-12-20T17:43:46.805+0000] {docker.py:73} INFO -            ^^^^^^^^^^^^^^^^^^^^^^^^^^^^^^^^^^^^^^^
[2024-12-20T17:43:46.808+0000] {docker.py:73} INFO -   File "/opt/conda/lib/python3.11/site-packages/click/core.py", line 783, in invoke
[2024-12-20T17:43:46.810+0000] {docker.py:73} INFO -     return __callback(*args, **kwargs)
[2024-12-20T17:43:46.811+0000] {docker.py:73} INFO -            ^^^^^^^^^^^^^^^^^^^^^^^^^^^
[2024-12-20T17:43:46.812+0000] {docker.py:73} INFO -   File "/opt/conda/lib/python3.11/site-packages/click/decorators.py", line 33, in new_func
[2024-12-20T17:43:46.814+0000] {docker.py:73} INFO -     return f(get_current_context(), *args, **kwargs)
[2024-12-20T17:43:46.815+0000] {docker.py:73} INFO -            ^^^^^^^^^^^^^^^^^^^^^^^^^^^^^^^^^^^^^^^^^
[2024-12-20T17:43:46.816+0000] {docker.py:73} INFO -   File "/opt/conda/lib/python3.11/site-packages/papermill/cli.py", line 235, in papermill
[2024-12-20T17:43:46.818+0000] {docker.py:73} INFO -     execute_notebook(
[2024-12-20T17:43:46.819+0000] {docker.py:73} INFO -   File "/opt/conda/lib/python3.11/site-packages/papermill/execute.py", line 131, in execute_notebook
[2024-12-20T17:43:46.820+0000] {docker.py:73} INFO -     raise_for_execution_errors(nb, output_path)
[2024-12-20T17:43:46.821+0000] {docker.py:73} INFO -   File "/opt/conda/lib/python3.11/site-packages/papermill/execute.py", line 251, in raise_for_execution_errors
[2024-12-20T17:43:46.822+0000] {docker.py:73} INFO -     raise error
[2024-12-20T17:43:46.825+0000] {docker.py:73} INFO - papermill.exceptions.PapermillExecutionError: 
[2024-12-20T17:43:46.826+0000] {docker.py:73} INFO - ---------------------------------------------------------------------------
[2024-12-20T17:43:46.827+0000] {docker.py:73} INFO - Exception encountered at "In [3]":
[2024-12-20T17:43:46.828+0000] {docker.py:73} INFO - ---------------------------------------------------------------------------
[2024-12-20T17:43:46.837+0000] {docker.py:73} INFO - Py4JJavaError                             Traceback (most recent call last)
[2024-12-20T17:43:46.839+0000] {docker.py:73} INFO - Cell In[3], line 2
[2024-12-20T17:43:46.841+0000] {docker.py:73} INFO -       1 # Configure Spark with Delta Lake (if needed)
[2024-12-20T17:43:46.846+0000] {docker.py:73} INFO - ----> 2 spark = configure_spark_with_delta_pip(builder).getOrCreate()
[2024-12-20T17:43:46.848+0000] {docker.py:73} INFO -       5 # Now you can use the Spark session
[2024-12-20T17:43:46.850+0000] {docker.py:73} INFO -       6 spark
[2024-12-20T17:43:46.851+0000] {docker.py:73} INFO - 
[2024-12-20T17:43:46.852+0000] {docker.py:73} INFO - File /opt/conda/lib/python3.11/site-packages/pyspark/sql/session.py:500, in SparkSession.Builder.getOrCreate(self)
[2024-12-20T17:43:46.858+0000] {docker.py:73} INFO -     497     sc = SparkContext.getOrCreate(sparkConf)
[2024-12-20T17:43:46.862+0000] {docker.py:73} INFO -     498     # Do not update `SparkConf` for existing `SparkContext`, as it's shared
[2024-12-20T17:43:46.865+0000] {docker.py:73} INFO -     499     # by all sessions.
[2024-12-20T17:43:46.868+0000] {docker.py:73} INFO - --> 500     session = SparkSession(sc, options=self._options)
[2024-12-20T17:43:46.869+0000] {docker.py:73} INFO -     501 else:
[2024-12-20T17:43:46.870+0000] {docker.py:73} INFO -     502     getattr(
[2024-12-20T17:43:46.873+0000] {docker.py:73} INFO -     503         getattr(session._jvm, "SparkSession$"), "MODULE$"
[2024-12-20T17:43:46.874+0000] {docker.py:73} INFO -     504     ).applyModifiableSettings(session._jsparkSession, self._options)
[2024-12-20T17:43:46.874+0000] {docker.py:73} INFO - 
[2024-12-20T17:43:46.874+0000] {docker.py:73} INFO - File /opt/conda/lib/python3.11/site-packages/pyspark/sql/session.py:589, in SparkSession.__init__(self, sparkContext, jsparkSession, options)
[2024-12-20T17:43:46.876+0000] {docker.py:73} INFO -     585         getattr(getattr(self._jvm, "SparkSession$"), "MODULE$").applyModifiableSettings(
[2024-12-20T17:43:46.876+0000] {docker.py:73} INFO -     586             jsparkSession, options
[2024-12-20T17:43:46.877+0000] {docker.py:73} INFO -     587         )
[2024-12-20T17:43:46.878+0000] {docker.py:73} INFO -     588     else:
[2024-12-20T17:43:46.878+0000] {docker.py:73} INFO - --> 589         jsparkSession = self._jvm.SparkSession(self._jsc.sc(), options)
[2024-12-20T17:43:46.879+0000] {docker.py:73} INFO -     590 else:
[2024-12-20T17:43:46.879+0000] {docker.py:73} INFO -     591     getattr(getattr(self._jvm, "SparkSession$"), "MODULE$").applyModifiableSettings(
[2024-12-20T17:43:46.879+0000] {docker.py:73} INFO -     592         jsparkSession, options
[2024-12-20T17:43:46.880+0000] {docker.py:73} INFO -     593     )
[2024-12-20T17:43:46.881+0000] {docker.py:73} INFO - 
[2024-12-20T17:43:46.881+0000] {docker.py:73} INFO - File /opt/conda/lib/python3.11/site-packages/py4j/java_gateway.py:1587, in JavaClass.__call__(self, *args)
[2024-12-20T17:43:46.882+0000] {docker.py:73} INFO -    1581 command = proto.CONSTRUCTOR_COMMAND_NAME +\
[2024-12-20T17:43:46.883+0000] {docker.py:73} INFO -    1582     self._command_header +\
[2024-12-20T17:43:46.883+0000] {docker.py:73} INFO -    1583     args_command +\
[2024-12-20T17:43:46.884+0000] {docker.py:73} INFO -    1584     proto.END_COMMAND_PART
[2024-12-20T17:43:46.885+0000] {docker.py:73} INFO -    1586 answer = self._gateway_client.send_command(command)
[2024-12-20T17:43:46.886+0000] {docker.py:73} INFO - -> 1587 return_value = get_return_value(
[2024-12-20T17:43:46.886+0000] {docker.py:73} INFO -    1588     answer, self._gateway_client, None, self._fqn)
[2024-12-20T17:43:46.887+0000] {docker.py:73} INFO -    1590 for temp_arg in temp_args:
[2024-12-20T17:43:46.889+0000] {docker.py:73} INFO -    1591     if hasattr(temp_arg, "_detach"):
[2024-12-20T17:43:46.891+0000] {docker.py:73} INFO - 
[2024-12-20T17:43:46.893+0000] {docker.py:73} INFO - File /opt/conda/lib/python3.11/site-packages/py4j/protocol.py:326, in get_return_value(answer, gateway_client, target_id, name)
[2024-12-20T17:43:46.894+0000] {docker.py:73} INFO -     324 value = OUTPUT_CONVERTER[type](answer[2:], gateway_client)
[2024-12-20T17:43:46.895+0000] {docker.py:73} INFO -     325 if answer[1] == REFERENCE_TYPE:
[2024-12-20T17:43:46.896+0000] {docker.py:73} INFO - --> 326     raise Py4JJavaError(
[2024-12-20T17:43:46.897+0000] {docker.py:73} INFO -     327         "An error occurred while calling {0}{1}{2}.\n".
[2024-12-20T17:43:46.899+0000] {docker.py:73} INFO -     328         format(target_id, ".", name), value)
[2024-12-20T17:43:46.901+0000] {docker.py:73} INFO -     329 else:
[2024-12-20T17:43:46.902+0000] {docker.py:73} INFO -     330     raise Py4JError(
[2024-12-20T17:43:46.902+0000] {docker.py:73} INFO -     331         "An error occurred while calling {0}{1}{2}. Trace:\n{3}\n".
[2024-12-20T17:43:46.904+0000] {docker.py:73} INFO -     332         format(target_id, ".", name, value))
[2024-12-20T17:43:46.905+0000] {docker.py:73} INFO - 
[2024-12-20T17:43:46.906+0000] {docker.py:73} INFO - Py4JJavaError: An error occurred while calling None.org.apache.spark.sql.SparkSession.
[2024-12-20T17:43:46.906+0000] {docker.py:73} INFO - : java.lang.IllegalStateException: Cannot call methods on a stopped SparkContext.
[2024-12-20T17:43:46.907+0000] {docker.py:73} INFO - This stopped SparkContext was created at:
[2024-12-20T17:43:46.908+0000] {docker.py:73} INFO - 
[2024-12-20T17:43:46.909+0000] {docker.py:73} INFO - org.apache.spark.api.java.JavaSparkContext.<init>(JavaSparkContext.scala:58)
[2024-12-20T17:43:46.910+0000] {docker.py:73} INFO - java.base/jdk.internal.reflect.NativeConstructorAccessorImpl.newInstance0(Native Method)
[2024-12-20T17:43:46.911+0000] {docker.py:73} INFO - java.base/jdk.internal.reflect.NativeConstructorAccessorImpl.newInstance(NativeConstructorAccessorImpl.java:77)
[2024-12-20T17:43:46.911+0000] {docker.py:73} INFO - java.base/jdk.internal.reflect.DelegatingConstructorAccessorImpl.newInstance(DelegatingConstructorAccessorImpl.java:45)
[2024-12-20T17:43:46.912+0000] {docker.py:73} INFO - java.base/java.lang.reflect.Constructor.newInstanceWithCaller(Constructor.java:500)
[2024-12-20T17:43:46.915+0000] {docker.py:73} INFO - java.base/java.lang.reflect.Constructor.newInstance(Constructor.java:481)
[2024-12-20T17:43:46.916+0000] {docker.py:73} INFO - py4j.reflection.MethodInvoker.invoke(MethodInvoker.java:247)
[2024-12-20T17:43:46.916+0000] {docker.py:73} INFO - py4j.reflection.ReflectionEngine.invoke(ReflectionEngine.java:374)
[2024-12-20T17:43:46.916+0000] {docker.py:73} INFO - py4j.Gateway.invoke(Gateway.java:238)
[2024-12-20T17:43:46.917+0000] {docker.py:73} INFO - py4j.commands.ConstructorCommand.invokeConstructor(ConstructorCommand.java:80)
[2024-12-20T17:43:46.918+0000] {docker.py:73} INFO - py4j.commands.ConstructorCommand.execute(ConstructorCommand.java:69)
[2024-12-20T17:43:46.918+0000] {docker.py:73} INFO - py4j.ClientServerConnection.waitForCommands(ClientServerConnection.java:182)
[2024-12-20T17:43:46.919+0000] {docker.py:73} INFO - py4j.ClientServerConnection.run(ClientServerConnection.java:106)
[2024-12-20T17:43:46.919+0000] {docker.py:73} INFO - java.base/java.lang.Thread.run(Thread.java:840)
[2024-12-20T17:43:46.920+0000] {docker.py:73} INFO - 
[2024-12-20T17:43:46.921+0000] {docker.py:73} INFO - The currently active SparkContext was created at:
[2024-12-20T17:43:46.922+0000] {docker.py:73} INFO - 
[2024-12-20T17:43:46.922+0000] {docker.py:73} INFO - org.apache.spark.api.java.JavaSparkContext.<init>(JavaSparkContext.scala:58)
[2024-12-20T17:43:46.923+0000] {docker.py:73} INFO - java.base/jdk.internal.reflect.NativeConstructorAccessorImpl.newInstance0(Native Method)
[2024-12-20T17:43:46.924+0000] {docker.py:73} INFO - java.base/jdk.internal.reflect.NativeConstructorAccessorImpl.newInstance(NativeConstructorAccessorImpl.java:77)
[2024-12-20T17:43:46.925+0000] {docker.py:73} INFO - java.base/jdk.internal.reflect.DelegatingConstructorAccessorImpl.newInstance(DelegatingConstructorAccessorImpl.java:45)
[2024-12-20T17:43:46.926+0000] {docker.py:73} INFO - java.base/java.lang.reflect.Constructor.newInstanceWithCaller(Constructor.java:500)
[2024-12-20T17:43:46.926+0000] {docker.py:73} INFO - java.base/java.lang.reflect.Constructor.newInstance(Constructor.java:481)
[2024-12-20T17:43:46.927+0000] {docker.py:73} INFO - py4j.reflection.MethodInvoker.invoke(MethodInvoker.java:247)
[2024-12-20T17:43:46.928+0000] {docker.py:73} INFO - py4j.reflection.ReflectionEngine.invoke(ReflectionEngine.java:374)
[2024-12-20T17:43:46.928+0000] {docker.py:73} INFO - py4j.Gateway.invoke(Gateway.java:238)
[2024-12-20T17:43:46.929+0000] {docker.py:73} INFO - py4j.commands.ConstructorCommand.invokeConstructor(ConstructorCommand.java:80)
[2024-12-20T17:43:46.929+0000] {docker.py:73} INFO - py4j.commands.ConstructorCommand.execute(ConstructorCommand.java:69)
[2024-12-20T17:43:46.931+0000] {docker.py:73} INFO - py4j.ClientServerConnection.waitForCommands(ClientServerConnection.java:182)
[2024-12-20T17:43:46.933+0000] {docker.py:73} INFO - py4j.ClientServerConnection.run(ClientServerConnection.java:106)
[2024-12-20T17:43:46.933+0000] {docker.py:73} INFO - java.base/java.lang.Thread.run(Thread.java:840)
[2024-12-20T17:43:46.934+0000] {docker.py:73} INFO -          
[2024-12-20T17:43:46.934+0000] {docker.py:73} INFO - 	at org.apache.spark.SparkContext.assertNotStopped(SparkContext.scala:122)
[2024-12-20T17:43:46.935+0000] {docker.py:73} INFO - 	at org.apache.spark.sql.SparkSession.<init>(SparkSession.scala:113)
[2024-12-20T17:43:46.936+0000] {docker.py:73} INFO - 	at org.apache.spark.sql.SparkSession.<init>(SparkSession.scala:106)
[2024-12-20T17:43:46.937+0000] {docker.py:73} INFO - 	at java.base/jdk.internal.reflect.NativeConstructorAccessorImpl.newInstance0(Native Method)
[2024-12-20T17:43:46.937+0000] {docker.py:73} INFO - 	at java.base/jdk.internal.reflect.NativeConstructorAccessorImpl.newInstance(NativeConstructorAccessorImpl.java:77)
[2024-12-20T17:43:46.938+0000] {docker.py:73} INFO - 	at java.base/jdk.internal.reflect.DelegatingConstructorAccessorImpl.newInstance(DelegatingConstructorAccessorImpl.java:45)
[2024-12-20T17:43:46.939+0000] {docker.py:73} INFO - 	at java.base/java.lang.reflect.Constructor.newInstanceWithCaller(Constructor.java:500)
[2024-12-20T17:43:46.940+0000] {docker.py:73} INFO - 	at java.base/java.lang.reflect.Constructor.newInstance(Constructor.java:481)
[2024-12-20T17:43:46.941+0000] {docker.py:73} INFO - 	at py4j.reflection.MethodInvoker.invoke(MethodInvoker.java:247)
[2024-12-20T17:43:46.942+0000] {docker.py:73} INFO - 	at py4j.reflection.ReflectionEngine.invoke(ReflectionEngine.java:374)
[2024-12-20T17:43:46.943+0000] {docker.py:73} INFO - 	at py4j.Gateway.invoke(Gateway.java:238)
[2024-12-20T17:43:46.944+0000] {docker.py:73} INFO - 	at py4j.commands.ConstructorCommand.invokeConstructor(ConstructorCommand.java:80)
[2024-12-20T17:43:46.945+0000] {docker.py:73} INFO - 	at py4j.commands.ConstructorCommand.execute(ConstructorCommand.java:69)
[2024-12-20T17:43:46.946+0000] {docker.py:73} INFO - 	at py4j.ClientServerConnection.waitForCommands(ClientServerConnection.java:182)
[2024-12-20T17:43:46.947+0000] {docker.py:73} INFO - 	at py4j.ClientServerConnection.run(ClientServerConnection.java:106)
[2024-12-20T17:43:46.949+0000] {docker.py:73} INFO - 	at java.base/java.lang.Thread.run(Thread.java:840)
[2024-12-20T17:43:46.951+0000] {docker.py:73} INFO - 
[2024-12-20T17:43:49.737+0000] {taskinstance.py:3311} ERROR - Task failed with exception
Traceback (most recent call last):
  File "/home/airflow/.local/lib/python3.12/site-packages/docker/api/client.py", line 275, in _raise_for_status
    response.raise_for_status()
  File "/home/airflow/.local/lib/python3.12/site-packages/requests/models.py", line 1024, in raise_for_status
    raise HTTPError(http_error_msg, response=self)
requests.exceptions.HTTPError: 400 Client Error: Bad Request for url: http+docker://localhost/v1.47/containers/create

The above exception was the direct cause of the following exception:

Traceback (most recent call last):
  File "/home/airflow/.local/lib/python3.12/site-packages/airflow/providers/docker/operators/docker.py", line 384, in _run_image
    return self._run_image_with_mounts([*self.mounts, tmp_mount], add_tmp_variable=True)
           ^^^^^^^^^^^^^^^^^^^^^^^^^^^^^^^^^^^^^^^^^^^^^^^^^^^^^^^^^^^^^^^^^^^^^^^^^^^^^
  File "/home/airflow/.local/lib/python3.12/site-packages/airflow/providers/docker/operators/docker.py", line 411, in _run_image_with_mounts
    self.container = self.cli.create_container(
                     ^^^^^^^^^^^^^^^^^^^^^^^^^^
  File "/home/airflow/.local/lib/python3.12/site-packages/docker/api/container.py", line 440, in create_container
    return self.create_container_from_config(config, name, platform)
           ^^^^^^^^^^^^^^^^^^^^^^^^^^^^^^^^^^^^^^^^^^^^^^^^^^^^^^^^^
  File "/home/airflow/.local/lib/python3.12/site-packages/docker/api/container.py", line 457, in create_container_from_config
    return self._result(res, True)
           ^^^^^^^^^^^^^^^^^^^^^^^
  File "/home/airflow/.local/lib/python3.12/site-packages/docker/api/client.py", line 281, in _result
    self._raise_for_status(response)
  File "/home/airflow/.local/lib/python3.12/site-packages/docker/api/client.py", line 277, in _raise_for_status
    raise create_api_error_from_http_exception(e) from e
          ^^^^^^^^^^^^^^^^^^^^^^^^^^^^^^^^^^^^^^^
  File "/home/airflow/.local/lib/python3.12/site-packages/docker/errors.py", line 39, in create_api_error_from_http_exception
    raise cls(e, response=response, explanation=explanation) from e
docker.errors.APIError: 400 Client Error for http+docker://localhost/v1.47/containers/create: Bad Request ("invalid mount config for type "bind": bind source path does not exist: /host_mnt/private/tmp/airflowtmpdcckgewm")

During handling of the above exception, another exception occurred:

Traceback (most recent call last):
  File "/home/airflow/.local/lib/python3.12/site-packages/airflow/models/taskinstance.py", line 767, in _execute_task
    result = _execute_callable(context=context, **execute_callable_kwargs)
             ^^^^^^^^^^^^^^^^^^^^^^^^^^^^^^^^^^^^^^^^^^^^^^^^^^^^^^^^^^^^^
  File "/home/airflow/.local/lib/python3.12/site-packages/airflow/models/taskinstance.py", line 733, in _execute_callable
    return ExecutionCallableRunner(
           ^^^^^^^^^^^^^^^^^^^^^^^^
  File "/home/airflow/.local/lib/python3.12/site-packages/airflow/utils/operator_helpers.py", line 252, in run
    return self.func(*args, **kwargs)
           ^^^^^^^^^^^^^^^^^^^^^^^^^^
  File "/home/airflow/.local/lib/python3.12/site-packages/airflow/models/baseoperator.py", line 422, in wrapper
    return func(self, *args, **kwargs)
           ^^^^^^^^^^^^^^^^^^^^^^^^^^^
  File "/home/airflow/.local/lib/python3.12/site-packages/airflow/providers/docker/operators/docker.py", line 519, in execute
    return self._run_image()
           ^^^^^^^^^^^^^^^^^
  File "/home/airflow/.local/lib/python3.12/site-packages/airflow/providers/docker/operators/docker.py", line 393, in _run_image
    return self._run_image_with_mounts(self.mounts, add_tmp_variable=False)
           ^^^^^^^^^^^^^^^^^^^^^^^^^^^^^^^^^^^^^^^^^^^^^^^^^^^^^^^^^^^^^^^^
  File "/home/airflow/.local/lib/python3.12/site-packages/airflow/providers/docker/operators/docker.py", line 453, in _run_image_with_mounts
    raise DockerContainerFailedException(f"Docker container failed: {result!r}", logs=log_lines)
airflow.providers.docker.exceptions.DockerContainerFailedException: Docker container failed: {'StatusCode': 1}
[2024-12-20T17:43:49.829+0000] {logging_mixin.py:190} INFO - Task instance in failure state
[2024-12-20T17:43:49.840+0000] {logging_mixin.py:190} INFO - Task start:2024-12-20 17:40:28.711750+00:00 end:2024-12-20 17:43:49.809495+00:00 duration:201.097745
[2024-12-20T17:43:49.845+0000] {logging_mixin.py:190} INFO - Task:<Task(DockerOperator): t2> dag:<DAG: docker_dag> dagrun:<DagRun docker_dag @ 2024-12-20 17:40:19.800653+00:00: manual__2024-12-20T17:40:19.800653+00:00, state:running, queued_at: 2024-12-20 17:40:19.847793+00:00. externally triggered: True>
[2024-12-20T17:43:49.849+0000] {logging_mixin.py:190} INFO - Failure caused by Docker container failed: {'StatusCode': 1}
[2024-12-20T17:43:49.851+0000] {taskinstance.py:1225} INFO - Marking task as FAILED. dag_id=docker_dag, task_id=t2, run_id=manual__2024-12-20T17:40:19.800653+00:00, execution_date=20241220T174019, start_date=20241220T174028, end_date=20241220T174349
[2024-12-20T17:43:50.088+0000] {taskinstance.py:340} INFO - ::group::Post task execution logs
[2024-12-20T17:43:50.095+0000] {standard_task_runner.py:124} ERROR - Failed to execute job 62 for task t2 (Docker container failed: {'StatusCode': 1}; 1211)
Traceback (most recent call last):
  File "/home/airflow/.local/lib/python3.12/site-packages/docker/api/client.py", line 275, in _raise_for_status
    response.raise_for_status()
  File "/home/airflow/.local/lib/python3.12/site-packages/requests/models.py", line 1024, in raise_for_status
    raise HTTPError(http_error_msg, response=self)
requests.exceptions.HTTPError: 400 Client Error: Bad Request for url: http+docker://localhost/v1.47/containers/create

The above exception was the direct cause of the following exception:

Traceback (most recent call last):
  File "/home/airflow/.local/lib/python3.12/site-packages/airflow/providers/docker/operators/docker.py", line 384, in _run_image
    return self._run_image_with_mounts([*self.mounts, tmp_mount], add_tmp_variable=True)
           ^^^^^^^^^^^^^^^^^^^^^^^^^^^^^^^^^^^^^^^^^^^^^^^^^^^^^^^^^^^^^^^^^^^^^^^^^^^^^
  File "/home/airflow/.local/lib/python3.12/site-packages/airflow/providers/docker/operators/docker.py", line 411, in _run_image_with_mounts
    self.container = self.cli.create_container(
                     ^^^^^^^^^^^^^^^^^^^^^^^^^^
  File "/home/airflow/.local/lib/python3.12/site-packages/docker/api/container.py", line 440, in create_container
    return self.create_container_from_config(config, name, platform)
           ^^^^^^^^^^^^^^^^^^^^^^^^^^^^^^^^^^^^^^^^^^^^^^^^^^^^^^^^^
  File "/home/airflow/.local/lib/python3.12/site-packages/docker/api/container.py", line 457, in create_container_from_config
    return self._result(res, True)
           ^^^^^^^^^^^^^^^^^^^^^^^
  File "/home/airflow/.local/lib/python3.12/site-packages/docker/api/client.py", line 281, in _result
    self._raise_for_status(response)
  File "/home/airflow/.local/lib/python3.12/site-packages/docker/api/client.py", line 277, in _raise_for_status
    raise create_api_error_from_http_exception(e) from e
          ^^^^^^^^^^^^^^^^^^^^^^^^^^^^^^^^^^^^^^^
  File "/home/airflow/.local/lib/python3.12/site-packages/docker/errors.py", line 39, in create_api_error_from_http_exception
    raise cls(e, response=response, explanation=explanation) from e
docker.errors.APIError: 400 Client Error for http+docker://localhost/v1.47/containers/create: Bad Request ("invalid mount config for type "bind": bind source path does not exist: /host_mnt/private/tmp/airflowtmpdcckgewm")

During handling of the above exception, another exception occurred:

Traceback (most recent call last):
  File "/home/airflow/.local/lib/python3.12/site-packages/airflow/task/task_runner/standard_task_runner.py", line 117, in _start_by_fork
    ret = args.func(args, dag=self.dag)
          ^^^^^^^^^^^^^^^^^^^^^^^^^^^^^
  File "/home/airflow/.local/lib/python3.12/site-packages/airflow/cli/cli_config.py", line 49, in command
    return func(*args, **kwargs)
           ^^^^^^^^^^^^^^^^^^^^^
  File "/home/airflow/.local/lib/python3.12/site-packages/airflow/utils/cli.py", line 116, in wrapper
    return f(*args, **kwargs)
           ^^^^^^^^^^^^^^^^^^
  File "/home/airflow/.local/lib/python3.12/site-packages/airflow/cli/commands/task_command.py", line 483, in task_run
    task_return_code = _run_task_by_selected_method(args, _dag, ti)
                       ^^^^^^^^^^^^^^^^^^^^^^^^^^^^^^^^^^^^^^^^^^^^
  File "/home/airflow/.local/lib/python3.12/site-packages/airflow/cli/commands/task_command.py", line 256, in _run_task_by_selected_method
    return _run_raw_task(args, ti)
           ^^^^^^^^^^^^^^^^^^^^^^^
  File "/home/airflow/.local/lib/python3.12/site-packages/airflow/cli/commands/task_command.py", line 341, in _run_raw_task
    return ti._run_raw_task(
           ^^^^^^^^^^^^^^^^^
  File "/home/airflow/.local/lib/python3.12/site-packages/airflow/utils/session.py", line 97, in wrapper
    return func(*args, session=session, **kwargs)
           ^^^^^^^^^^^^^^^^^^^^^^^^^^^^^^^^^^^^^^
  File "/home/airflow/.local/lib/python3.12/site-packages/airflow/models/taskinstance.py", line 3005, in _run_raw_task
    return _run_raw_task(
           ^^^^^^^^^^^^^^
  File "/home/airflow/.local/lib/python3.12/site-packages/airflow/models/taskinstance.py", line 273, in _run_raw_task
    TaskInstance._execute_task_with_callbacks(
  File "/home/airflow/.local/lib/python3.12/site-packages/airflow/models/taskinstance.py", line 3159, in _execute_task_with_callbacks
    result = self._execute_task(context, task_orig)
             ^^^^^^^^^^^^^^^^^^^^^^^^^^^^^^^^^^^^^^
  File "/home/airflow/.local/lib/python3.12/site-packages/airflow/models/taskinstance.py", line 3183, in _execute_task
    return _execute_task(self, context, task_orig)
           ^^^^^^^^^^^^^^^^^^^^^^^^^^^^^^^^^^^^^^^
  File "/home/airflow/.local/lib/python3.12/site-packages/airflow/models/taskinstance.py", line 767, in _execute_task
    result = _execute_callable(context=context, **execute_callable_kwargs)
             ^^^^^^^^^^^^^^^^^^^^^^^^^^^^^^^^^^^^^^^^^^^^^^^^^^^^^^^^^^^^^
  File "/home/airflow/.local/lib/python3.12/site-packages/airflow/models/taskinstance.py", line 733, in _execute_callable
    return ExecutionCallableRunner(
           ^^^^^^^^^^^^^^^^^^^^^^^^
  File "/home/airflow/.local/lib/python3.12/site-packages/airflow/utils/operator_helpers.py", line 252, in run
    return self.func(*args, **kwargs)
           ^^^^^^^^^^^^^^^^^^^^^^^^^^
  File "/home/airflow/.local/lib/python3.12/site-packages/airflow/models/baseoperator.py", line 422, in wrapper
    return func(self, *args, **kwargs)
           ^^^^^^^^^^^^^^^^^^^^^^^^^^^
  File "/home/airflow/.local/lib/python3.12/site-packages/airflow/providers/docker/operators/docker.py", line 519, in execute
    return self._run_image()
           ^^^^^^^^^^^^^^^^^
  File "/home/airflow/.local/lib/python3.12/site-packages/airflow/providers/docker/operators/docker.py", line 393, in _run_image
    return self._run_image_with_mounts(self.mounts, add_tmp_variable=False)
           ^^^^^^^^^^^^^^^^^^^^^^^^^^^^^^^^^^^^^^^^^^^^^^^^^^^^^^^^^^^^^^^^
  File "/home/airflow/.local/lib/python3.12/site-packages/airflow/providers/docker/operators/docker.py", line 453, in _run_image_with_mounts
    raise DockerContainerFailedException(f"Docker container failed: {result!r}", logs=log_lines)
airflow.providers.docker.exceptions.DockerContainerFailedException: Docker container failed: {'StatusCode': 1}
[2024-12-20T17:43:50.301+0000] {local_task_job_runner.py:266} INFO - Task exited with return code 1
[2024-12-20T17:43:50.458+0000] {taskinstance.py:3895} INFO - 0 downstream tasks scheduled from follow-on schedule check
[2024-12-20T17:43:50.463+0000] {local_task_job_runner.py:245} INFO - ::endgroup::
