[2024-12-20T12:32:45.084+0000] {local_task_job_runner.py:123} INFO - ::group::Pre task execution logs
[2024-12-20T12:32:45.091+0000] {taskinstance.py:2613} INFO - Dependencies all met for dep_context=non-requeueable deps ti=<TaskInstance: docker_dag.t2 manual__2024-12-20T12:32:36.184822+00:00 [queued]>
[2024-12-20T12:32:45.095+0000] {taskinstance.py:2613} INFO - Dependencies all met for dep_context=requeueable deps ti=<TaskInstance: docker_dag.t2 manual__2024-12-20T12:32:36.184822+00:00 [queued]>
[2024-12-20T12:32:45.095+0000] {taskinstance.py:2866} INFO - Starting attempt 1 of 1
[2024-12-20T12:32:45.101+0000] {taskinstance.py:2889} INFO - Executing <Task(DockerOperator): t2> on 2024-12-20 12:32:36.184822+00:00
[2024-12-20T12:32:45.106+0000] {warnings.py:112} WARNING - /home/***/.local/lib/python3.12/site-packages/***/task/task_runner/standard_task_runner.py:70: DeprecationWarning: This process (pid=84) is multi-threaded, use of fork() may lead to deadlocks in the child.
  pid = os.fork()

[2024-12-20T12:32:45.107+0000] {standard_task_runner.py:72} INFO - Started process 85 to run task
[2024-12-20T12:32:45.108+0000] {standard_task_runner.py:104} INFO - Running: ['***', 'tasks', 'run', 'docker_dag', 't2', 'manual__2024-12-20T12:32:36.184822+00:00', '--job-id', '26', '--raw', '--subdir', 'DAGS_FOLDER/A_dag_test.py', '--cfg-path', '/tmp/tmpy8jlbfmi']
[2024-12-20T12:32:45.109+0000] {standard_task_runner.py:105} INFO - Job 26: Subtask t2
[2024-12-20T12:32:45.136+0000] {task_command.py:467} INFO - Running <TaskInstance: docker_dag.t2 manual__2024-12-20T12:32:36.184822+00:00 [running]> on host 282f4891a088
[2024-12-20T12:32:45.176+0000] {taskinstance.py:3132} INFO - Exporting env vars: AIRFLOW_CTX_DAG_OWNER='***' AIRFLOW_CTX_DAG_ID='docker_dag' AIRFLOW_CTX_TASK_ID='t2' AIRFLOW_CTX_EXECUTION_DATE='2024-12-20T12:32:36.184822+00:00' AIRFLOW_CTX_TRY_NUMBER='1' AIRFLOW_CTX_DAG_RUN_ID='manual__2024-12-20T12:32:36.184822+00:00'
[2024-12-20T12:32:45.177+0000] {logging_mixin.py:190} INFO - Task instance is in running state
[2024-12-20T12:32:45.177+0000] {logging_mixin.py:190} INFO -  Previous state of the Task instance: queued
[2024-12-20T12:32:45.177+0000] {logging_mixin.py:190} INFO - Current task name:t2 state:running start_date:2024-12-20 12:32:45.092180+00:00
[2024-12-20T12:32:45.177+0000] {logging_mixin.py:190} INFO - Dag name:docker_dag and current dag run status:running
[2024-12-20T12:32:45.178+0000] {taskinstance.py:731} INFO - ::endgroup::
[2024-12-20T12:32:45.210+0000] {docker.py:502} INFO - ::group::Pulling docker image python:3.8-slim-buster
[2024-12-20T12:33:25.296+0000] {taskinstance.py:3311} ERROR - Task failed with exception
Traceback (most recent call last):
  File "/home/airflow/.local/lib/python3.12/site-packages/docker/api/client.py", line 275, in _raise_for_status
    response.raise_for_status()
  File "/home/airflow/.local/lib/python3.12/site-packages/requests/models.py", line 1024, in raise_for_status
    raise HTTPError(http_error_msg, response=self)
requests.exceptions.HTTPError: 500 Server Error: Internal Server Error for url: http+docker://localhost/v1.47/images/create?tag=3.8-slim-buster&fromImage=python

The above exception was the direct cause of the following exception:

Traceback (most recent call last):
  File "/home/airflow/.local/lib/python3.12/site-packages/airflow/models/taskinstance.py", line 767, in _execute_task
    result = _execute_callable(context=context, **execute_callable_kwargs)
             ^^^^^^^^^^^^^^^^^^^^^^^^^^^^^^^^^^^^^^^^^^^^^^^^^^^^^^^^^^^^^
  File "/home/airflow/.local/lib/python3.12/site-packages/airflow/models/taskinstance.py", line 733, in _execute_callable
    return ExecutionCallableRunner(
           ^^^^^^^^^^^^^^^^^^^^^^^^
  File "/home/airflow/.local/lib/python3.12/site-packages/airflow/utils/operator_helpers.py", line 252, in run
    return self.func(*args, **kwargs)
           ^^^^^^^^^^^^^^^^^^^^^^^^^^
  File "/home/airflow/.local/lib/python3.12/site-packages/airflow/models/baseoperator.py", line 422, in wrapper
    return func(self, *args, **kwargs)
           ^^^^^^^^^^^^^^^^^^^^^^^^^^^
  File "/home/airflow/.local/lib/python3.12/site-packages/airflow/providers/docker/operators/docker.py", line 504, in execute
    for output in self.cli.pull(self.image, stream=True, decode=True):
                  ^^^^^^^^^^^^^^^^^^^^^^^^^^^^^^^^^^^^^^^^^^^^^^^^^^^
  File "/home/airflow/.local/lib/python3.12/site-packages/docker/api/image.py", line 429, in pull
    self._raise_for_status(response)
  File "/home/airflow/.local/lib/python3.12/site-packages/docker/api/client.py", line 277, in _raise_for_status
    raise create_api_error_from_http_exception(e) from e
          ^^^^^^^^^^^^^^^^^^^^^^^^^^^^^^^^^^^^^^^
  File "/home/airflow/.local/lib/python3.12/site-packages/docker/errors.py", line 39, in create_api_error_from_http_exception
    raise cls(e, response=response, explanation=explanation) from e
docker.errors.APIError: 500 Server Error for http+docker://localhost/v1.47/images/create?tag=3.8-slim-buster&fromImage=python: Internal Server Error ("failed to resolve reference "docker.io/library/python:3.8-slim-buster": failed to do request: Head "https://registry-1.docker.io/v2/library/python/manifests/3.8-slim-buster": dialing registry-1.docker.io:443 container via direct connection because  has no HTTPS proxy: connecting to registry-1.docker.io:443: dial tcp: lookup registry-1.docker.io: no such host")
[2024-12-20T12:33:25.332+0000] {logging_mixin.py:190} INFO - Task instance in failure state
[2024-12-20T12:33:25.332+0000] {logging_mixin.py:190} INFO - Task start:2024-12-20 12:32:45.092180+00:00 end:2024-12-20 12:33:25.330185+00:00 duration:40.238005
[2024-12-20T12:33:25.333+0000] {logging_mixin.py:190} INFO - Task:<Task(DockerOperator): t2> dag:<DAG: docker_dag> dagrun:<DagRun docker_dag @ 2024-12-20 12:32:36.184822+00:00: manual__2024-12-20T12:32:36.184822+00:00, state:running, queued_at: 2024-12-20 12:32:36.205882+00:00. externally triggered: True>
[2024-12-20T12:33:25.333+0000] {logging_mixin.py:190} INFO - Failure caused by 500 Server Error for http+docker://localhost/v1.47/images/create?tag=3.8-slim-buster&fromImage=python: Internal Server Error ("failed to resolve reference "docker.io/library/python:3.8-slim-buster": failed to do request: Head "https://registry-1.docker.io/v2/library/python/manifests/3.8-slim-buster": dialing registry-1.docker.io:443 container via direct connection because  has no HTTPS proxy: connecting to registry-1.docker.io:443: dial tcp: lookup registry-1.docker.io: no such host")
[2024-12-20T12:33:25.333+0000] {taskinstance.py:1225} INFO - Marking task as FAILED. dag_id=docker_dag, task_id=t2, run_id=manual__2024-12-20T12:32:36.184822+00:00, execution_date=20241220T123236, start_date=20241220T123245, end_date=20241220T123325
[2024-12-20T12:33:25.354+0000] {taskinstance.py:340} INFO - ::group::Post task execution logs
[2024-12-20T12:33:25.355+0000] {standard_task_runner.py:124} ERROR - Failed to execute job 26 for task t2 (500 Server Error for http+docker://localhost/v1.47/images/create?tag=3.8-slim-buster&fromImage=python: Internal Server Error ("failed to resolve reference "docker.io/library/python:3.8-slim-buster": failed to do request: Head "https://registry-1.docker.io/v2/library/python/manifests/3.8-slim-buster": dialing registry-1.docker.io:443 container via direct connection because  has no HTTPS proxy: connecting to registry-1.docker.io:443: dial tcp: lookup registry-1.docker.io: no such host"); 85)
Traceback (most recent call last):
  File "/home/airflow/.local/lib/python3.12/site-packages/docker/api/client.py", line 275, in _raise_for_status
    response.raise_for_status()
  File "/home/airflow/.local/lib/python3.12/site-packages/requests/models.py", line 1024, in raise_for_status
    raise HTTPError(http_error_msg, response=self)
requests.exceptions.HTTPError: 500 Server Error: Internal Server Error for url: http+docker://localhost/v1.47/images/create?tag=3.8-slim-buster&fromImage=python

The above exception was the direct cause of the following exception:

Traceback (most recent call last):
  File "/home/airflow/.local/lib/python3.12/site-packages/airflow/task/task_runner/standard_task_runner.py", line 117, in _start_by_fork
    ret = args.func(args, dag=self.dag)
          ^^^^^^^^^^^^^^^^^^^^^^^^^^^^^
  File "/home/airflow/.local/lib/python3.12/site-packages/airflow/cli/cli_config.py", line 49, in command
    return func(*args, **kwargs)
           ^^^^^^^^^^^^^^^^^^^^^
  File "/home/airflow/.local/lib/python3.12/site-packages/airflow/utils/cli.py", line 116, in wrapper
    return f(*args, **kwargs)
           ^^^^^^^^^^^^^^^^^^
  File "/home/airflow/.local/lib/python3.12/site-packages/airflow/cli/commands/task_command.py", line 483, in task_run
    task_return_code = _run_task_by_selected_method(args, _dag, ti)
                       ^^^^^^^^^^^^^^^^^^^^^^^^^^^^^^^^^^^^^^^^^^^^
  File "/home/airflow/.local/lib/python3.12/site-packages/airflow/cli/commands/task_command.py", line 256, in _run_task_by_selected_method
    return _run_raw_task(args, ti)
           ^^^^^^^^^^^^^^^^^^^^^^^
  File "/home/airflow/.local/lib/python3.12/site-packages/airflow/cli/commands/task_command.py", line 341, in _run_raw_task
    return ti._run_raw_task(
           ^^^^^^^^^^^^^^^^^
  File "/home/airflow/.local/lib/python3.12/site-packages/airflow/utils/session.py", line 97, in wrapper
    return func(*args, session=session, **kwargs)
           ^^^^^^^^^^^^^^^^^^^^^^^^^^^^^^^^^^^^^^
  File "/home/airflow/.local/lib/python3.12/site-packages/airflow/models/taskinstance.py", line 3005, in _run_raw_task
    return _run_raw_task(
           ^^^^^^^^^^^^^^
  File "/home/airflow/.local/lib/python3.12/site-packages/airflow/models/taskinstance.py", line 273, in _run_raw_task
    TaskInstance._execute_task_with_callbacks(
  File "/home/airflow/.local/lib/python3.12/site-packages/airflow/models/taskinstance.py", line 3159, in _execute_task_with_callbacks
    result = self._execute_task(context, task_orig)
             ^^^^^^^^^^^^^^^^^^^^^^^^^^^^^^^^^^^^^^
  File "/home/airflow/.local/lib/python3.12/site-packages/airflow/models/taskinstance.py", line 3183, in _execute_task
    return _execute_task(self, context, task_orig)
           ^^^^^^^^^^^^^^^^^^^^^^^^^^^^^^^^^^^^^^^
  File "/home/airflow/.local/lib/python3.12/site-packages/airflow/models/taskinstance.py", line 767, in _execute_task
    result = _execute_callable(context=context, **execute_callable_kwargs)
             ^^^^^^^^^^^^^^^^^^^^^^^^^^^^^^^^^^^^^^^^^^^^^^^^^^^^^^^^^^^^^
  File "/home/airflow/.local/lib/python3.12/site-packages/airflow/models/taskinstance.py", line 733, in _execute_callable
    return ExecutionCallableRunner(
           ^^^^^^^^^^^^^^^^^^^^^^^^
  File "/home/airflow/.local/lib/python3.12/site-packages/airflow/utils/operator_helpers.py", line 252, in run
    return self.func(*args, **kwargs)
           ^^^^^^^^^^^^^^^^^^^^^^^^^^
  File "/home/airflow/.local/lib/python3.12/site-packages/airflow/models/baseoperator.py", line 422, in wrapper
    return func(self, *args, **kwargs)
           ^^^^^^^^^^^^^^^^^^^^^^^^^^^
  File "/home/airflow/.local/lib/python3.12/site-packages/airflow/providers/docker/operators/docker.py", line 504, in execute
    for output in self.cli.pull(self.image, stream=True, decode=True):
                  ^^^^^^^^^^^^^^^^^^^^^^^^^^^^^^^^^^^^^^^^^^^^^^^^^^^
  File "/home/airflow/.local/lib/python3.12/site-packages/docker/api/image.py", line 429, in pull
    self._raise_for_status(response)
  File "/home/airflow/.local/lib/python3.12/site-packages/docker/api/client.py", line 277, in _raise_for_status
    raise create_api_error_from_http_exception(e) from e
          ^^^^^^^^^^^^^^^^^^^^^^^^^^^^^^^^^^^^^^^
  File "/home/airflow/.local/lib/python3.12/site-packages/docker/errors.py", line 39, in create_api_error_from_http_exception
    raise cls(e, response=response, explanation=explanation) from e
docker.errors.APIError: 500 Server Error for http+docker://localhost/v1.47/images/create?tag=3.8-slim-buster&fromImage=python: Internal Server Error ("failed to resolve reference "docker.io/library/python:3.8-slim-buster": failed to do request: Head "https://registry-1.docker.io/v2/library/python/manifests/3.8-slim-buster": dialing registry-1.docker.io:443 container via direct connection because  has no HTTPS proxy: connecting to registry-1.docker.io:443: dial tcp: lookup registry-1.docker.io: no such host")
[2024-12-20T12:33:25.417+0000] {local_task_job_runner.py:266} INFO - Task exited with return code 1
[2024-12-20T12:33:25.438+0000] {local_task_job_runner.py:245} INFO - ::endgroup::
